Arguments: 
  /usr/bin/node /home/magland/npm-global/bin/yarn install

PATH: 
  /home/magland/npm-global/bin:/home/magland/npm-global/bin:/home/magland/npm-global/bin:/home/magland/google-cloud-sdk/bin:/home/magland/miniconda3/envs/dev/bin:/home/magland/miniconda3/condabin:/home/magland/bin:/usr/local/sbin:/usr/local/bin:/usr/sbin:/usr/bin:/sbin:/bin:/usr/games:/usr/local/games:/snap/bin

Yarn version: 
  1.22.18

Node version: 
  16.14.2

Platform: 
  linux x64

Trace: 
  Error: https://github.com/magland/figurl-core-utils/releases/download/0.1.2/figurl-core-utils-v0.1.2.tgz: Request failed "404 Not Found"
      at ResponseError.ExtendableBuiltin (/home/magland/npm-global/lib/node_modules/yarn/lib/cli.js:696:66)
      at new ResponseError (/home/magland/npm-global/lib/node_modules/yarn/lib/cli.js:802:124)
      at Request.<anonymous> (/home/magland/npm-global/lib/node_modules/yarn/lib/cli.js:66208:16)
      at Request.emit (node:events:526:28)
      at Request.module.exports.Request.onRequestResponse (/home/magland/npm-global/lib/node_modules/yarn/lib/cli.js:141760:10)
      at ClientRequest.emit (node:events:526:28)
      at HTTPParser.parserOnIncomingClient (node:_http_client:618:27)
      at HTTPParser.parserOnHeadersComplete (node:_http_common:128:17)
      at TLSSocket.socketOnData (node:_http_client:482:22)
      at TLSSocket.emit (node:events:526:28)

npm manifest: 
  {
    "name": "@figurl/spike-sorting-views",
    "version": "0.1.0",
    "description": "",
    "main": "dist/index.js",
    "types": "dist/index.d.ts",
    "files": [
      "dist/**/*",
      "src",
      "src/**/*",
      "test-gui/src/package/**/*"
    ],
    "scripts": {
      "test": "echo \"Error: no test specified\" && exit 1",
      "copy-files": "copyfiles -u 1 src/**/*.css dist/",
      "build": "rm -rf dist && tsc && yarn copy-files",
      "prepare": "npm run build",
      "release": "yarn build && yarn pack && gh release create $npm_package_version figurl-spike-sorting-views-v$npm_package_version.tgz"
    },
    "keywords": [],
    "author": "Jeremy Magland",
    "license": "ISC",
    "devDependencies": {
      "@types/react": "^18.0.20",
      "copyfiles": "^2.4.1",
      "typescript": "^4.8.3"
    },
    "peerDependencies": {
      "react": ">= 18.0.0"
    },
    "dependencies": {
      "@figurl/core-components": "https://github.com/magland/figurl-core-components/releases/download/0.1.4/figurl-core-components-v0.1.4.tgz",
      "@figurl/interface": "https://github.com/magland/figurl-core-utils/releases/download/0.1.2/figurl-core-utils-v0.1.2.tgz",
      "@types/node": "^18.7.18",
      "assert": "npm:assert-browserify",
      "buffer": "npm:buffer-browserify",
      "crypto": "npm:crypto-browserify",
      "react-sizeme": "^3.0.2"
    }
  }

yarn manifest: 
  No manifest

Lockfile: 
  # THIS IS AN AUTOGENERATED FILE. DO NOT EDIT THIS FILE DIRECTLY.
  # yarn lockfile v1
  
  
  "@babel/runtime@^7.19.0", "@babel/runtime@^7.3.1", "@babel/runtime@^7.4.4", "@babel/runtime@^7.5.5", "@babel/runtime@^7.8.3", "@babel/runtime@^7.8.7":
    "integrity" "sha512-eR8Lo9hnDS7tqkO7NsV+mKvCmv5boaXFSZ70DnfhcgiEne8hv9oCEd36Klw74EtizEqLsy4YnW8UWwpBVolHZA=="
    "resolved" "https://registry.npmjs.org/@babel/runtime/-/runtime-7.19.0.tgz"
    "version" "7.19.0"
    dependencies:
      "regenerator-runtime" "^0.13.4"
  
  "@emotion/hash@^0.8.0":
    "integrity" "sha512-kBJtf7PH6aWwZ6fka3zQ0p6SBYzx4fl1LoZXE2RrnYST9Xljm7WfKJrU4g/Xr3Beg72MLrp1AWNUmuYJTL7Cow=="
    "resolved" "https://registry.npmjs.org/@emotion/hash/-/hash-0.8.0.tgz"
    "version" "0.8.0"
  
  "@figurl/core-components@https://github.com/magland/figurl-core-components/releases/download/0.1.3/figurl-core-components-v0.1.2.tgz":
    "integrity" "sha512-ss+knXYu7iO8oIRkdNwfVEPtBusCtCex6BgEYcsQ5/xR4OU8Wb2CU6tqabK4fkDH+50YlZkxYMJU6H6kwz2Qyw=="
    "resolved" "https://github.com/magland/figurl-core-components/releases/download/0.1.3/figurl-core-components-v0.1.2.tgz"
    "version" "0.1.2"
    dependencies:
      "@figurl/core-utils" "magland/figurl-core-utils.git#0.1.0"
      "@material-ui/core" "^4.12.4"
      "@material-ui/icons" "^4.11.3"
      "@types/node" "^18.7.18"
      "assert" "npm:assert-browserify"
      "buffer" "npm:buffer-browserify"
      "crypto" "npm:crypto-browserify"
      "mathjs" "^11.2.1"
      "path" "npm:path-browserify"
      "react-draggable" "^4.4.5"
      "react-icons" "^4.4.0"
      "react-visibility-sensor" "^5.1.1"
      "stream" "npm:stream-browserify"
  
  "@figurl/core-utils@magland/figurl-core-utils.git#0.1.0":
    "resolved" "git+ssh://git@github.com/magland/figurl-core-utils.git#cbe972fd1f3cc63eadebb5bb26d228644df65c8c"
    "version" "0.1.0"
    dependencies:
      "chroma-js" "^2.4.2"
      "object-hash" "^3.0.0"
  
  "@figurl/interface@magland/figurl-interface.git#0.1.1":
    "resolved" "git+ssh://git@github.com/magland/figurl-interface.git#3335f9c81bc6c0d3d7a70d565a6690b6e1af25f9"
    "version" "0.1.1"
    dependencies:
      "@figurl/core-utils" "magland/figurl-core-utils.git#0.1.0"
      "@types/node" "^18.7.18"
      "assert" "npm:assert-browserify"
      "buffer" "npm:buffer-browserify"
      "crypto" "npm:crypto-browserify"
      "path" "npm:path-browserify"
      "stream" "npm:stream-browserify"
  
  "@material-ui/core@^4.0.0", "@material-ui/core@^4.12.4":
    "integrity" "sha512-tr7xekNlM9LjA6pagJmL8QCgZXaubWUwkJnoYcMKd4gw/t4XiyvnTkjdGrUVicyB2BsdaAv1tvow45bPM4sSwQ=="
    "resolved" "https://registry.npmjs.org/@material-ui/core/-/core-4.12.4.tgz"
    "version" "4.12.4"
    dependencies:
      "@babel/runtime" "^7.4.4"
      "@material-ui/styles" "^4.11.5"
      "@material-ui/system" "^4.12.2"
      "@material-ui/types" "5.1.0"
      "@material-ui/utils" "^4.11.3"
      "@types/react-transition-group" "^4.2.0"
      "clsx" "^1.0.4"
      "hoist-non-react-statics" "^3.3.2"
      "popper.js" "1.16.1-lts"
      "prop-types" "^15.7.2"
      "react-is" "^16.8.0 || ^17.0.0"
      "react-transition-group" "^4.4.0"
  
  "@material-ui/icons@^4.11.3":
    "integrity" "sha512-IKHlyx6LDh8n19vzwH5RtHIOHl9Tu90aAAxcbWME6kp4dmvODM3UvOHJeMIDzUbd4muuJKHmlNoBN+mDY4XkBA=="
    "resolved" "https://registry.npmjs.org/@material-ui/icons/-/icons-4.11.3.tgz"
    "version" "4.11.3"
    dependencies:
      "@babel/runtime" "^7.4.4"
  
  "@material-ui/styles@^4.11.5":
    "integrity" "sha512-o/41ot5JJiUsIETME9wVLAJrmIWL3j0R0Bj2kCOLbSfqEkKf0fmaPt+5vtblUh5eXr2S+J/8J3DaCb10+CzPGA=="
    "resolved" "https://registry.npmjs.org/@material-ui/styles/-/styles-4.11.5.tgz"
    "version" "4.11.5"
    dependencies:
      "@babel/runtime" "^7.4.4"
      "@emotion/hash" "^0.8.0"
      "@material-ui/types" "5.1.0"
      "@material-ui/utils" "^4.11.3"
      "clsx" "^1.0.4"
      "csstype" "^2.5.2"
      "hoist-non-react-statics" "^3.3.2"
      "jss" "^10.5.1"
      "jss-plugin-camel-case" "^10.5.1"
      "jss-plugin-default-unit" "^10.5.1"
      "jss-plugin-global" "^10.5.1"
      "jss-plugin-nested" "^10.5.1"
      "jss-plugin-props-sort" "^10.5.1"
      "jss-plugin-rule-value-function" "^10.5.1"
      "jss-plugin-vendor-prefixer" "^10.5.1"
      "prop-types" "^15.7.2"
  
  "@material-ui/system@^4.12.2":
    "integrity" "sha512-6CSKu2MtmiJgcCGf6nBQpM8fLkuB9F55EKfbdTC80NND5wpTmKzwdhLYLH3zL4cLlK0gVaaltW7/wMuyTnN0Lw=="
    "resolved" "https://registry.npmjs.org/@material-ui/system/-/system-4.12.2.tgz"
    "version" "4.12.2"
    dependencies:
      "@babel/runtime" "^7.4.4"
      "@material-ui/utils" "^4.11.3"
      "csstype" "^2.5.2"
      "prop-types" "^15.7.2"
  
  "@material-ui/types@5.1.0":
    "integrity" "sha512-7cqRjrY50b8QzRSYyhSpx4WRw2YuO0KKIGQEVk5J8uoz2BanawykgZGoWEqKm7pVIbzFDN0SpPcVV4IhOFkl8A=="
    "resolved" "https://registry.npmjs.org/@material-ui/types/-/types-5.1.0.tgz"
    "version" "5.1.0"
  
  "@material-ui/utils@^4.11.3":
    "integrity" "sha512-ZuQPV4rBK/V1j2dIkSSEcH5uT6AaHuKWFfotADHsC0wVL1NLd2WkFCm4ZZbX33iO4ydl6V0GPngKm8HZQ2oujg=="
    "resolved" "https://registry.npmjs.org/@material-ui/utils/-/utils-4.11.3.tgz"
    "version" "4.11.3"
    dependencies:
      "@babel/runtime" "^7.4.4"
      "prop-types" "^15.7.2"
      "react-is" "^16.8.0 || ^17.0.0"
  
  "@types/node@^18.7.18":
    "integrity" "sha512-m+6nTEOadJZuTPkKR/SYK3A2d7FZrgElol9UP1Kae90VVU4a6mxnPuLiIW1m4Cq4gZ/nWb9GrdVXJCoCazDAbg=="
    "resolved" "https://registry.npmjs.org/@types/node/-/node-18.7.18.tgz"
    "version" "18.7.18"
  
  "@types/prop-types@*":
    "integrity" "sha512-JCB8C6SnDoQf0cNycqd/35A7MjcnK+ZTqE7judS6o7utxUCg6imJg3QK2qzHKszlTjcj2cn+NwMB2i96ubpj7w=="
    "resolved" "https://registry.npmjs.org/@types/prop-types/-/prop-types-15.7.5.tgz"
    "version" "15.7.5"
  
  "@types/react-transition-group@^4.2.0":
    "integrity" "sha512-juKD/eiSM3/xZYzjuzH6ZwpP+/lejltmiS3QEzV/vmb/Q8+HfDmxu+Baga8UEMGBqV88Nbg4l2hY/K2DkyaLLA=="
    "resolved" "https://registry.npmjs.org/@types/react-transition-group/-/react-transition-group-4.4.5.tgz"
    "version" "4.4.5"
    dependencies:
      "@types/react" "*"
  
  "@types/react@*", "@types/react@^16.8.6 || ^17.0.0", "@types/react@^18.0.20":
    "integrity" "sha512-MWul1teSPxujEHVwZl4a5HxQ9vVNsjTchVA+xRqv/VYGCuKGAU6UhfrTdF5aBefwD1BHUD8i/zq+O/vyCm/FrA=="
    "resolved" "https://registry.npmjs.org/@types/react/-/react-18.0.20.tgz"
    "version" "18.0.20"
    dependencies:
      "@types/prop-types" "*"
      "@types/scheduler" "*"
      "csstype" "^3.0.2"
  
  "@types/scheduler@*":
    "integrity" "sha512-hppQEBDmlwhFAXKJX2KnWLYu5yMfi91yazPb2l+lbJiwW+wdo1gNeRA+3RgNSO39WYX2euey41KEwnqesU2Jew=="
    "resolved" "https://registry.npmjs.org/@types/scheduler/-/scheduler-0.16.2.tgz"
    "version" "0.16.2"
  
  "ansi-regex@^5.0.1":
    "integrity" "sha512-quJQXlTSUGL2LH9SUXo8VwsY4soanhgo6LNSm84E1LBcE8s3O0wpdiRzyR9z/ZZJMlMWv37qOOb9pdJlMUEKFQ=="
    "resolved" "https://registry.npmjs.org/ansi-regex/-/ansi-regex-5.0.1.tgz"
    "version" "5.0.1"
  
  "ansi-styles@^4.0.0":
    "integrity" "sha512-zbB9rCJAT1rbjiVDb2hqKFHNYLxgtk8NURxZ3IZwD3F6NtxbXZQCnnSi1Lkx+IDohdPlFp222wVALIheZJQSEg=="
    "resolved" "https://registry.npmjs.org/ansi-styles/-/ansi-styles-4.3.0.tgz"
    "version" "4.3.0"
    dependencies:
      "color-convert" "^2.0.1"
  
  "asn1.js@^5.2.0":
    "integrity" "sha512-+I//4cYPccV8LdmBLiX8CYvf9Sp3vQsrqu2QNXRcrbiWvcx/UdlFiqUJJzxRQxgsZmvhXhn4cSKeSmoFjVdupA=="
    "resolved" "https://registry.npmjs.org/asn1.js/-/asn1.js-5.4.1.tgz"
    "version" "5.4.1"
    dependencies:
      "bn.js" "^4.0.0"
      "inherits" "^2.0.1"
      "minimalistic-assert" "^1.0.0"
      "safer-buffer" "^2.1.0"
  
  "assert@npm:assert-browserify":
    "integrity" "sha512-SJvtrHmyaOT57oKWIpzWZr2hLkFyXjg5ajNT+RHvd9fhpruhrJF0OYT0yy8rIgvSn3xQp/VpLQAOwO0KNVKrJw=="
    "resolved" "https://registry.npmjs.org/assert-browserify/-/assert-browserify-2.0.0.tgz"
    "version" "2.0.0"
    dependencies:
      "es6-object-assign" "^1.1.0"
      "is-nan" "^1.2.1"
      "object-is" "^1.0.1"
      "util" "^0.12.0"
  
  "available-typed-arrays@^1.0.5":
    "integrity" "sha512-DMD0KiN46eipeziST1LPP/STfDU0sufISXmjSgvVsoU2tqxctQeASejWcfNtxYKqETM1UxQ8sp2OrSBWpHY6sw=="
    "resolved" "https://registry.npmjs.org/available-typed-arrays/-/available-typed-arrays-1.0.5.tgz"
    "version" "1.0.5"
  
  "balanced-match@^1.0.0":
    "integrity" "sha512-3oSeUO0TMV67hN1AmbXsK4yaqU7tjiHlbxRDZOpH0KW9+CeX4bRAaX0Anxt0tx2MrpRpWwQaPwIlISEJhYU5Pw=="
    "resolved" "https://registry.npmjs.org/balanced-match/-/balanced-match-1.0.2.tgz"
    "version" "1.0.2"
  
  "base64-js@0.0.8":
    "integrity" "sha512-3XSA2cR/h/73EzlXXdU6YNycmYI7+kicTxks4eJg2g39biHR84slg2+des+p7iHYhbRg/udIS4TD53WabcOUkw=="
    "resolved" "https://registry.npmjs.org/base64-js/-/base64-js-0.0.8.tgz"
    "version" "0.0.8"
  
  "batch-processor@1.0.0":
    "integrity" "sha512-xoLQD8gmmR32MeuBHgH0Tzd5PuSZx71ZsbhVxOCRbgktZEPe4SQy7s9Z50uPp0F/f7iw2XmkHN2xkgbMfckMDA=="
    "resolved" "https://registry.npmjs.org/batch-processor/-/batch-processor-1.0.0.tgz"
    "version" "1.0.0"
  
  "bn.js@^4.0.0":
    "integrity" "sha512-c98Bf3tPniI+scsdk237ku1Dc3ujXQTSgyiPUDEOe7tRkhrqridvh8klBv0HCEso1OLOYcHuCv/cS6DNxKH+ZA=="
    "resolved" "https://registry.npmjs.org/bn.js/-/bn.js-4.12.0.tgz"
    "version" "4.12.0"
  
  "bn.js@^4.1.0":
    "integrity" "sha512-c98Bf3tPniI+scsdk237ku1Dc3ujXQTSgyiPUDEOe7tRkhrqridvh8klBv0HCEso1OLOYcHuCv/cS6DNxKH+ZA=="
    "resolved" "https://registry.npmjs.org/bn.js/-/bn.js-4.12.0.tgz"
    "version" "4.12.0"
  
  "bn.js@^4.11.9":
    "integrity" "sha512-c98Bf3tPniI+scsdk237ku1Dc3ujXQTSgyiPUDEOe7tRkhrqridvh8klBv0HCEso1OLOYcHuCv/cS6DNxKH+ZA=="
    "resolved" "https://registry.npmjs.org/bn.js/-/bn.js-4.12.0.tgz"
    "version" "4.12.0"
  
  "bn.js@^5.0.0", "bn.js@^5.1.1":
    "integrity" "sha512-eXRvHzWyYPBuB4NBy0cmYQjGitUrtqwbvlzP3G6VFnNRbsZQIxQ10PbKKHt8gZ/HW/D/747aDl+QkDqg3KQLMQ=="
    "resolved" "https://registry.npmjs.org/bn.js/-/bn.js-5.2.1.tgz"
    "version" "5.2.1"
  
  "brace-expansion@^1.1.7":
    "integrity" "sha512-iCuPHDFgrHX7H2vEI/5xpz07zSHB00TpugqhmYtVmMO6518mCuRMoOYFldEBl0g187ufozdaHgWKcYFb61qGiA=="
    "resolved" "https://registry.npmjs.org/brace-expansion/-/brace-expansion-1.1.11.tgz"
    "version" "1.1.11"
    dependencies:
      "balanced-match" "^1.0.0"
      "concat-map" "0.0.1"
  
  "brorand@^1.0.1", "brorand@^1.1.0":
    "integrity" "sha512-cKV8tMCEpQs4hK/ik71d6LrPOnpkpGBR0wzxqr68g2m/LB2GxVYQroAjMJZRVM1Y4BCjCKc3vAamxSzOY2RP+w=="
    "resolved" "https://registry.npmjs.org/brorand/-/brorand-1.1.0.tgz"
    "version" "1.1.0"
  
  "browserify-aes@^1.0.0", "browserify-aes@^1.0.4":
    "integrity" "sha512-+7CHXqGuspUn/Sl5aO7Ea0xWGAtETPXNSAjHo48JfLdPWcMng33Xe4znFvQweqc/uzk5zSOI3H52CYnjCfb5hA=="
    "resolved" "https://registry.npmjs.org/browserify-aes/-/browserify-aes-1.2.0.tgz"
    "version" "1.2.0"
    dependencies:
      "buffer-xor" "^1.0.3"
      "cipher-base" "^1.0.0"
      "create-hash" "^1.1.0"
      "evp_bytestokey" "^1.0.3"
      "inherits" "^2.0.1"
      "safe-buffer" "^5.0.1"
  
  "browserify-cipher@^1.0.0":
    "integrity" "sha512-sPhkz0ARKbf4rRQt2hTpAHqn47X3llLkUGn+xEJzLjwY8LRs2p0v7ljvI5EyoRO/mexrNunNECisZs+gw2zz1w=="
    "resolved" "https://registry.npmjs.org/browserify-cipher/-/browserify-cipher-1.0.1.tgz"
    "version" "1.0.1"
    dependencies:
      "browserify-aes" "^1.0.4"
      "browserify-des" "^1.0.0"
      "evp_bytestokey" "^1.0.0"
  
  "browserify-des@^1.0.0":
    "integrity" "sha512-BioO1xf3hFwz4kc6iBhI3ieDFompMhrMlnDFC4/0/vd5MokpuAc3R+LYbwTA9A5Yc9pq9UYPqffKpW2ObuwX5A=="
    "resolved" "https://registry.npmjs.org/browserify-des/-/browserify-des-1.0.2.tgz"
    "version" "1.0.2"
    dependencies:
      "cipher-base" "^1.0.1"
      "des.js" "^1.0.0"
      "inherits" "^2.0.1"
      "safe-buffer" "^5.1.2"
  
  "browserify-rsa@^4.0.0", "browserify-rsa@^4.0.1":
    "integrity" "sha512-AdEER0Hkspgno2aR97SAf6vi0y0k8NuOpGnVH3O99rcA5Q6sh8QxcngtHuJ6uXwnfAXNM4Gn1Gb7/MV1+Ymbog=="
    "resolved" "https://registry.npmjs.org/browserify-rsa/-/browserify-rsa-4.1.0.tgz"
    "version" "4.1.0"
    dependencies:
      "bn.js" "^5.0.0"
      "randombytes" "^2.0.1"
  
  "browserify-sign@^4.0.0":
    "integrity" "sha512-/vrA5fguVAKKAVTNJjgSm1tRQDHUU6DbwO9IROu/0WAzC8PKhucDSh18J0RMvVeHAn5puMd+QHC2erPRNf8lmg=="
    "resolved" "https://registry.npmjs.org/browserify-sign/-/browserify-sign-4.2.1.tgz"
    "version" "4.2.1"
    dependencies:
      "bn.js" "^5.1.1"
      "browserify-rsa" "^4.0.1"
      "create-hash" "^1.2.0"
      "create-hmac" "^1.1.7"
      "elliptic" "^6.5.3"
      "inherits" "^2.0.4"
      "parse-asn1" "^5.1.5"
      "readable-stream" "^3.6.0"
      "safe-buffer" "^5.2.0"
  
  "buffer-xor@^1.0.3":
    "integrity" "sha512-571s0T7nZWK6vB67HI5dyUF7wXiNcfaPPPTl6zYCNApANjIvYJTg7hlud/+cJpdAhS7dVzqMLmfhfHR3rAcOjQ=="
    "resolved" "https://registry.npmjs.org/buffer-xor/-/buffer-xor-1.0.3.tgz"
    "version" "1.0.3"
  
  "buffer@npm:buffer-browserify":
    "integrity" "sha512-3ko6TTBwXb15w2OgZuyAzLJwUFClBMvcKcmhF+iQ79G71K8Fc3RqKzroCN0a0DbZw2GM3q9lNoqfYYCTq6w7QA=="
    "resolved" "https://registry.npmjs.org/buffer-browserify/-/buffer-browserify-0.2.5.tgz"
    "version" "0.2.5"
    dependencies:
      "base64-js" "0.0.8"
  
  "call-bind@^1.0.0", "call-bind@^1.0.2":
    "integrity" "sha512-7O+FbCihrB5WGbFYesctwmTKae6rOiIzmz1icreWJ+0aA7LJfuqhEso2T9ncpcFtzMQtzXf2QGGueWJGTYsqrA=="
    "resolved" "https://registry.npmjs.org/call-bind/-/call-bind-1.0.2.tgz"
    "version" "1.0.2"
    dependencies:
      "function-bind" "^1.1.1"
      "get-intrinsic" "^1.0.2"
  
  "chroma-js@^2.4.2":
    "integrity" "sha512-U9eDw6+wt7V8z5NncY2jJfZa+hUH8XEj8FQHgFJTrUFnJfXYf4Ml4adI2vXZOjqRDpFWtYVWypDfZwnJ+HIR4A=="
    "resolved" "https://registry.npmjs.org/chroma-js/-/chroma-js-2.4.2.tgz"
    "version" "2.4.2"
  
  "cipher-base@^1.0.0", "cipher-base@^1.0.1", "cipher-base@^1.0.3":
    "integrity" "sha512-Kkht5ye6ZGmwv40uUDZztayT2ThLQGfnj/T71N/XzeZeo3nf8foyW7zGTsPYkEya3m5f3cAypH+qe7YOrM1U2Q=="
    "resolved" "https://registry.npmjs.org/cipher-base/-/cipher-base-1.0.4.tgz"
    "version" "1.0.4"
    dependencies:
      "inherits" "^2.0.1"
      "safe-buffer" "^5.0.1"
  
  "cliui@^7.0.2":
    "integrity" "sha512-OcRE68cOsVMXp1Yvonl/fzkQOyjLSu/8bhPDfQt0e0/Eb283TKP20Fs2MqoPsr9SwA595rRCA+QMzYc9nBP+JQ=="
    "resolved" "https://registry.npmjs.org/cliui/-/cliui-7.0.4.tgz"
    "version" "7.0.4"
    dependencies:
      "string-width" "^4.2.0"
      "strip-ansi" "^6.0.0"
      "wrap-ansi" "^7.0.0"
  
  "clsx@^1.0.4", "clsx@^1.1.1":
    "integrity" "sha512-EcR6r5a8bj6pu3ycsa/E/cKVGuTgZJZdsyUYHOksG/UHIiKfjxzRxYJpyVBwYaQeOvghal9fcc4PidlgzugAQg=="
    "resolved" "https://registry.npmjs.org/clsx/-/clsx-1.2.1.tgz"
    "version" "1.2.1"
  
  "color-convert@^2.0.1":
    "integrity" "sha512-RRECPsj7iu/xb5oKYcsFHSppFNnsj/52OVTRKb4zP5onXwVF3zVmmToNcOfGC+CRDpfK/U584fMg38ZHCaElKQ=="
    "resolved" "https://registry.npmjs.org/color-convert/-/color-convert-2.0.1.tgz"
    "version" "2.0.1"
    dependencies:
      "color-name" "~1.1.4"
  
  "color-name@~1.1.4":
    "integrity" "sha512-dOy+3AuW3a2wNbZHIuMZpTcgjGuLU/uBL/ubcZF9OXbDo8ff4O8yVp5Bf0efS8uEoYo5q4Fx7dY9OgQGXgAsQA=="
    "resolved" "https://registry.npmjs.org/color-name/-/color-name-1.1.4.tgz"
    "version" "1.1.4"
  
  "complex.js@^2.1.1":
    "integrity" "sha512-8njCHOTtFFLtegk6zQo0kkVX1rngygb/KQI6z1qZxlFI3scluC+LVTCFbrkWjBv4vvLlbQ9t88IPMC6k95VTTg=="
    "resolved" "https://registry.npmjs.org/complex.js/-/complex.js-2.1.1.tgz"
    "version" "2.1.1"
  
  "concat-map@0.0.1":
    "integrity" "sha512-/Srv4dswyQNBfohGpz9o6Yb3Gz3SrUDqBH5rTuhGR7ahtlbYKnVxw2bCFMRljaA7EXHaXZ8wsHdodFvbkhKmqg=="
    "resolved" "https://registry.npmjs.org/concat-map/-/concat-map-0.0.1.tgz"
    "version" "0.0.1"
  
  "copyfiles@^2.4.1":
    "integrity" "sha512-fereAvAvxDrQDOXybk3Qu3dPbOoKoysFMWtkY3mv5BsL8//OSZVL5DCLYqgRfY5cWirgRzlC+WSrxp6Bo3eNZg=="
    "resolved" "https://registry.npmjs.org/copyfiles/-/copyfiles-2.4.1.tgz"
    "version" "2.4.1"
    dependencies:
      "glob" "^7.0.5"
      "minimatch" "^3.0.3"
      "mkdirp" "^1.0.4"
      "noms" "0.0.0"
      "through2" "^2.0.1"
      "untildify" "^4.0.0"
      "yargs" "^16.1.0"
  
  "core-util-is@~1.0.0":
    "integrity" "sha512-ZQBvi1DcpJ4GDqanjucZ2Hj3wEO5pZDS89BWbkcrvdxksJorwUDDZamX9ldFkp9aw2lmBDLgkObEA4DWNJ9FYQ=="
    "resolved" "https://registry.npmjs.org/core-util-is/-/core-util-is-1.0.3.tgz"
    "version" "1.0.3"
  
  "create-ecdh@^4.0.0":
    "integrity" "sha512-mf+TCx8wWc9VpuxfP2ht0iSISLZnt0JgWlrOKZiNqyUZWnjIaCIVNQArMHnCZKfEYRg6IM7A+NeJoN8gf/Ws0A=="
    "resolved" "https://registry.npmjs.org/create-ecdh/-/create-ecdh-4.0.4.tgz"
    "version" "4.0.4"
    dependencies:
      "bn.js" "^4.1.0"
      "elliptic" "^6.5.3"
  
  "create-hash@^1.1.0", "create-hash@^1.1.2", "create-hash@^1.2.0":
    "integrity" "sha512-z00bCGNHDG8mHAkP7CtT1qVu+bFQUPjYq/4Iv3C3kWjTFV10zIjfSoeqXo9Asws8gwSHDGj/hl2u4OGIjapeCg=="
    "resolved" "https://registry.npmjs.org/create-hash/-/create-hash-1.2.0.tgz"
    "version" "1.2.0"
    dependencies:
      "cipher-base" "^1.0.1"
      "inherits" "^2.0.1"
      "md5.js" "^1.3.4"
      "ripemd160" "^2.0.1"
      "sha.js" "^2.4.0"
  
  "create-hmac@^1.1.0", "create-hmac@^1.1.4", "create-hmac@^1.1.7":
    "integrity" "sha512-MJG9liiZ+ogc4TzUwuvbER1JRdgvUFSB5+VR/g5h82fGaIRWMWddtKBHi7/sVhfjQZ6SehlyhvQYrcYkaUIpLg=="
    "resolved" "https://registry.npmjs.org/create-hmac/-/create-hmac-1.1.7.tgz"
    "version" "1.1.7"
    dependencies:
      "cipher-base" "^1.0.3"
      "create-hash" "^1.1.0"
      "inherits" "^2.0.1"
      "ripemd160" "^2.0.0"
      "safe-buffer" "^5.0.1"
      "sha.js" "^2.4.8"
  
  "crypto@npm:crypto-browserify":
    "integrity" "sha512-fz4spIh+znjO2VjL+IdhEpRJ3YN6sMzITSBijk6FK2UvTqruSQW+/cCZTSNsMiZNvUeq0CqurF+dAbyiGOY6Wg=="
    "resolved" "https://registry.npmjs.org/crypto-browserify/-/crypto-browserify-3.12.0.tgz"
    "version" "3.12.0"
    dependencies:
      "browserify-cipher" "^1.0.0"
      "browserify-sign" "^4.0.0"
      "create-ecdh" "^4.0.0"
      "create-hash" "^1.1.0"
      "create-hmac" "^1.1.0"
      "diffie-hellman" "^5.0.0"
      "inherits" "^2.0.1"
      "pbkdf2" "^3.0.3"
      "public-encrypt" "^4.0.0"
      "randombytes" "^2.0.0"
      "randomfill" "^1.0.3"
  
  "css-vendor@^2.0.8":
    "integrity" "sha512-x9Aq0XTInxrkuFeHKbYC7zWY8ai7qJ04Kxd9MnvbC1uO5DagxoHQjm4JvG+vCdXOoFtCjbL2XSZfxmoYa9uQVQ=="
    "resolved" "https://registry.npmjs.org/css-vendor/-/css-vendor-2.0.8.tgz"
    "version" "2.0.8"
    dependencies:
      "@babel/runtime" "^7.8.3"
      "is-in-browser" "^1.0.2"
  
  "csstype@^2.5.2":
    "integrity" "sha512-Z1PhmomIfypOpoMjRQB70jfvy/wxT50qW08YXO5lMIJkrdq4yOTR+AW7FqutScmB9NkLwxo+jU+kZLbofZZq/w=="
    "resolved" "https://registry.npmjs.org/csstype/-/csstype-2.6.21.tgz"
    "version" "2.6.21"
  
  "csstype@^3.0.2":
    "integrity" "sha512-DJR/VvkAvSZW9bTouZue2sSxDwdTN92uHjqeKVm+0dAqdfNykRzQ95tay8aXMBAAPpUiq4Qcug2L7neoRh2Egw=="
    "resolved" "https://registry.npmjs.org/csstype/-/csstype-3.1.1.tgz"
    "version" "3.1.1"
  
  "decimal.js@^10.4.0":
    "integrity" "sha512-F29o+vci4DodHYT9UrR5IEbfBw9pE5eSapIJdTqXK5+6hq+t8VRxwQyKlW2i+KDKFkkJQRvFyI/QXD83h8LyQw=="
    "resolved" "https://registry.npmjs.org/decimal.js/-/decimal.js-10.4.1.tgz"
    "version" "10.4.1"
  
  "define-properties@^1.1.3", "define-properties@^1.1.4":
    "integrity" "sha512-uckOqKcfaVvtBdsVkdPv3XjveQJsNQqmhXgRi8uhvWWuPYZCNlzT8qAyblUgNoXdHdjMTzAqeGjAoli8f+bzPA=="
    "resolved" "https://registry.npmjs.org/define-properties/-/define-properties-1.1.4.tgz"
    "version" "1.1.4"
    dependencies:
      "has-property-descriptors" "^1.0.0"
      "object-keys" "^1.1.1"
  
  "des.js@^1.0.0":
    "integrity" "sha512-Q0I4pfFrv2VPd34/vfLrFOoRmlYj3OV50i7fskps1jZWK1kApMWWT9G6RRUeYedLcBDIhnSDaUvJMb3AhUlaEA=="
    "resolved" "https://registry.npmjs.org/des.js/-/des.js-1.0.1.tgz"
    "version" "1.0.1"
    dependencies:
      "inherits" "^2.0.1"
      "minimalistic-assert" "^1.0.0"
  
  "diffie-hellman@^5.0.0":
    "integrity" "sha512-kqag/Nl+f3GwyK25fhUMYj81BUOrZ9IuJsjIcDE5icNM9FJHAVm3VcUDxdLPoQtTuUylWm6ZIknYJwwaPxsUzg=="
    "resolved" "https://registry.npmjs.org/diffie-hellman/-/diffie-hellman-5.0.3.tgz"
    "version" "5.0.3"
    dependencies:
      "bn.js" "^4.1.0"
      "miller-rabin" "^4.0.0"
      "randombytes" "^2.0.0"
  
  "dom-helpers@^5.0.1":
    "integrity" "sha512-nRCa7CK3VTrM2NmGkIy4cbK7IZlgBE/PYMn55rrXefr5xXDP0LdtfPnblFDoVdcAfslJ7or6iqAUnx0CCGIWQA=="
    "resolved" "https://registry.npmjs.org/dom-helpers/-/dom-helpers-5.2.1.tgz"
    "version" "5.2.1"
    dependencies:
      "@babel/runtime" "^7.8.7"
      "csstype" "^3.0.2"
  
  "element-resize-detector@^1.2.2":
    "integrity" "sha512-Fl5Ftk6WwXE0wqCgNoseKWndjzZlDCwuPTcoVZfCP9R3EHQF8qUtr3YUPNETegRBOKqQKPW3n4kiIWngGi8tKg=="
    "resolved" "https://registry.npmjs.org/element-resize-detector/-/element-resize-detector-1.2.4.tgz"
    "version" "1.2.4"
    dependencies:
      "batch-processor" "1.0.0"
  
  "elliptic@^6.5.3":
    "integrity" "sha512-iLhC6ULemrljPZb+QutR5TQGB+pdW6KGD5RSegS+8sorOZT+rdQFbsQFJgvN3eRqNALqJer4oQ16YvJHlU8hzQ=="
    "resolved" "https://registry.npmjs.org/elliptic/-/elliptic-6.5.4.tgz"
    "version" "6.5.4"
    dependencies:
      "bn.js" "^4.11.9"
      "brorand" "^1.1.0"
      "hash.js" "^1.0.0"
      "hmac-drbg" "^1.0.1"
      "inherits" "^2.0.4"
      "minimalistic-assert" "^1.0.1"
      "minimalistic-crypto-utils" "^1.0.1"
  
  "emoji-regex@^8.0.0":
    "integrity" "sha512-MSjYzcWNOA0ewAHpz0MxpYFvwg6yjy1NG3xteoqz644VCo/RPgnr1/GGt+ic3iJTzQ8Eu3TdM14SawnVUmGE6A=="
    "resolved" "https://registry.npmjs.org/emoji-regex/-/emoji-regex-8.0.0.tgz"
    "version" "8.0.0"
  
  "es-abstract@^1.19.0", "es-abstract@^1.19.5", "es-abstract@^1.20.0":
    "integrity" "sha512-XxXQuVNrySBNlEkTYJoDNFe5+s2yIOpzq80sUHEdPdQr0S5nTLz4ZPPPswNIpKseDDUS5yghX1gfLIHQZ1iNuQ=="
    "resolved" "https://registry.npmjs.org/es-abstract/-/es-abstract-1.20.2.tgz"
    "version" "1.20.2"
    dependencies:
      "call-bind" "^1.0.2"
      "es-to-primitive" "^1.2.1"
      "function-bind" "^1.1.1"
      "function.prototype.name" "^1.1.5"
      "get-intrinsic" "^1.1.2"
      "get-symbol-description" "^1.0.0"
      "has" "^1.0.3"
      "has-property-descriptors" "^1.0.0"
      "has-symbols" "^1.0.3"
      "internal-slot" "^1.0.3"
      "is-callable" "^1.2.4"
      "is-negative-zero" "^2.0.2"
      "is-regex" "^1.1.4"
      "is-shared-array-buffer" "^1.0.2"
      "is-string" "^1.0.7"
      "is-weakref" "^1.0.2"
      "object-inspect" "^1.12.2"
      "object-keys" "^1.1.1"
      "object.assign" "^4.1.4"
      "regexp.prototype.flags" "^1.4.3"
      "string.prototype.trimend" "^1.0.5"
      "string.prototype.trimstart" "^1.0.5"
      "unbox-primitive" "^1.0.2"
  
  "es-to-primitive@^1.2.1":
    "integrity" "sha512-QCOllgZJtaUo9miYBcLChTUaHNjJF3PYs1VidD7AwiEj1kYxKeQTctLAezAOH5ZKRH0g2IgPn6KwB4IT8iRpvA=="
    "resolved" "https://registry.npmjs.org/es-to-primitive/-/es-to-primitive-1.2.1.tgz"
    "version" "1.2.1"
    dependencies:
      "is-callable" "^1.1.4"
      "is-date-object" "^1.0.1"
      "is-symbol" "^1.0.2"
  
  "es6-object-assign@^1.1.0":
    "integrity" "sha512-MEl9uirslVwqQU369iHNWZXsI8yaZYGg/D65aOgZkeyFJwHYSxilf7rQzXKI7DdDuBPrBXbfk3sl9hJhmd5AUw=="
    "resolved" "https://registry.npmjs.org/es6-object-assign/-/es6-object-assign-1.1.0.tgz"
    "version" "1.1.0"
  
  "escalade@^3.1.1":
    "integrity" "sha512-k0er2gUkLf8O0zKJiAhmkTnJlTvINGv7ygDNPbeIsX/TJjGJZHuh9B2UxbsaEkmlEo9MfhrSzmhIlhRlI2GXnw=="
    "resolved" "https://registry.npmjs.org/escalade/-/escalade-3.1.1.tgz"
    "version" "3.1.1"
  
  "escape-latex@^1.2.0":
    "integrity" "sha512-nV5aVWW1K0wEiUIEdZ4erkGGH8mDxGyxSeqPzRNtWP7ataw+/olFObw7hujFWlVjNsaDFw5VZ5NzVSIqRgfTiw=="
    "resolved" "https://registry.npmjs.org/escape-latex/-/escape-latex-1.2.0.tgz"
    "version" "1.2.0"
  
  "evp_bytestokey@^1.0.0", "evp_bytestokey@^1.0.3":
    "integrity" "sha512-/f2Go4TognH/KvCISP7OUsHn85hT9nUkxxA9BEWxFn+Oj9o8ZNLm/40hdlgSLyuOimsrTKLUMEorQexp/aPQeA=="
    "resolved" "https://registry.npmjs.org/evp_bytestokey/-/evp_bytestokey-1.0.3.tgz"
    "version" "1.0.3"
    dependencies:
      "md5.js" "^1.3.4"
      "safe-buffer" "^5.1.1"
  
  "for-each@^0.3.3":
    "integrity" "sha512-jqYfLp7mo9vIyQf8ykW2v7A+2N4QjeCeI5+Dz9XraiO1ign81wjiH7Fb9vSOWvQfNtmSa4H2RoQTrrXivdUZmw=="
    "resolved" "https://registry.npmjs.org/for-each/-/for-each-0.3.3.tgz"
    "version" "0.3.3"
    dependencies:
      "is-callable" "^1.1.3"
  
  "fraction.js@^4.2.0":
    "integrity" "sha512-MhLuK+2gUcnZe8ZHlaaINnQLl0xRIGRfcGk2yl8xoQAfHrSsL3rYu6FCmBdkdbhc9EPlwyGHewaRsvwRMJtAlA=="
    "resolved" "https://registry.npmjs.org/fraction.js/-/fraction.js-4.2.0.tgz"
    "version" "4.2.0"
  
  "fs.realpath@^1.0.0":
    "integrity" "sha512-OO0pH2lK6a0hZnAdau5ItzHPI6pUlvI7jMVnxUQRtw4owF2wk8lOSabtGDCTP4Ggrg2MbGnWO9X8K1t4+fGMDw=="
    "resolved" "https://registry.npmjs.org/fs.realpath/-/fs.realpath-1.0.0.tgz"
    "version" "1.0.0"
  
  "function-bind@^1.1.1":
    "integrity" "sha512-yIovAzMX49sF8Yl58fSCWJ5svSLuaibPxXQJFLmBObTuCr0Mf1KiPopGM9NiFjiYBCbfaa2Fh6breQ6ANVTI0A=="
    "resolved" "https://registry.npmjs.org/function-bind/-/function-bind-1.1.1.tgz"
    "version" "1.1.1"
  
  "function.prototype.name@^1.1.5":
    "integrity" "sha512-uN7m/BzVKQnCUF/iW8jYea67v++2u7m5UgENbHRtdDVclOUP+FMPlCNdmk0h/ysGyo2tavMJEDqJAkJdRa1vMA=="
    "resolved" "https://registry.npmjs.org/function.prototype.name/-/function.prototype.name-1.1.5.tgz"
    "version" "1.1.5"
    dependencies:
      "call-bind" "^1.0.2"
      "define-properties" "^1.1.3"
      "es-abstract" "^1.19.0"
      "functions-have-names" "^1.2.2"
  
  "functions-have-names@^1.2.2":
    "integrity" "sha512-xckBUXyTIqT97tq2x2AMb+g163b5JFysYk0x4qxNFwbfQkmNZoiRHb6sPzI9/QV33WeuvVYBUIiD4NzNIyqaRQ=="
    "resolved" "https://registry.npmjs.org/functions-have-names/-/functions-have-names-1.2.3.tgz"
    "version" "1.2.3"
  
  "get-caller-file@^2.0.5":
    "integrity" "sha512-DyFP3BM/3YHTQOCUL/w0OZHR0lpKeGrxotcHWcqNEdnltqFwXVfhEBQ94eIo34AfQpo0rGki4cyIiftY06h2Fg=="
    "resolved" "https://registry.npmjs.org/get-caller-file/-/get-caller-file-2.0.5.tgz"
    "version" "2.0.5"
  
  "get-intrinsic@^1.0.2", "get-intrinsic@^1.1.0", "get-intrinsic@^1.1.1", "get-intrinsic@^1.1.2":
    "integrity" "sha512-QJVz1Tj7MS099PevUG5jvnt9tSkXN8K14dxQlikJuPt4uD9hHAHjLyLBiLR5zELelBdD9QNRAXZzsJx0WaDL9A=="
    "resolved" "https://registry.npmjs.org/get-intrinsic/-/get-intrinsic-1.1.3.tgz"
    "version" "1.1.3"
    dependencies:
      "function-bind" "^1.1.1"
      "has" "^1.0.3"
      "has-symbols" "^1.0.3"
  
  "get-symbol-description@^1.0.0":
    "integrity" "sha512-2EmdH1YvIQiZpltCNgkuiUnyukzxM/R6NDJX31Ke3BG1Nq5b0S2PhX59UKi9vZpPDQVdqn+1IcaAwnzTT5vCjw=="
    "resolved" "https://registry.npmjs.org/get-symbol-description/-/get-symbol-description-1.0.0.tgz"
    "version" "1.0.0"
    dependencies:
      "call-bind" "^1.0.2"
      "get-intrinsic" "^1.1.1"
  
  "glob@^7.0.5":
    "integrity" "sha512-nFR0zLpU2YCaRxwoCJvL6UvCH2JFyFVIvwTLsIf21AuHlMskA1hhTdk+LlYJtOlYt9v6dvszD2BGRqBL+iQK9Q=="
    "resolved" "https://registry.npmjs.org/glob/-/glob-7.2.3.tgz"
    "version" "7.2.3"
    dependencies:
      "fs.realpath" "^1.0.0"
      "inflight" "^1.0.4"
      "inherits" "2"
      "minimatch" "^3.1.1"
      "once" "^1.3.0"
      "path-is-absolute" "^1.0.0"
  
  "has-bigints@^1.0.1", "has-bigints@^1.0.2":
    "integrity" "sha512-tSvCKtBr9lkF0Ex0aQiP9N+OpV4zi2r/Nee5VkRDbaqv35RLYMzbwQfFSZZH0kR+Rd6302UJZ2p/bJCEoR3VoQ=="
    "resolved" "https://registry.npmjs.org/has-bigints/-/has-bigints-1.0.2.tgz"
    "version" "1.0.2"
  
  "has-property-descriptors@^1.0.0":
    "integrity" "sha512-62DVLZGoiEBDHQyqG4w9xCuZ7eJEwNmJRWw2VY84Oedb7WFcA27fiEVe8oUQx9hAUJ4ekurquucTGwsyO1XGdQ=="
    "resolved" "https://registry.npmjs.org/has-property-descriptors/-/has-property-descriptors-1.0.0.tgz"
    "version" "1.0.0"
    dependencies:
      "get-intrinsic" "^1.1.1"
  
  "has-symbols@^1.0.2", "has-symbols@^1.0.3":
    "integrity" "sha512-l3LCuF6MgDNwTDKkdYGEihYjt5pRPbEg46rtlmnSPlUbgmB8LOIrKJbYYFBSbnPaJexMKtiPO8hmeRjRz2Td+A=="
    "resolved" "https://registry.npmjs.org/has-symbols/-/has-symbols-1.0.3.tgz"
    "version" "1.0.3"
  
  "has-tostringtag@^1.0.0":
    "integrity" "sha512-kFjcSNhnlGV1kyoGk7OXKSawH5JOb/LzUc5w9B02hOTO0dfFRjbHQKvg1d6cf3HbeUmtU9VbbV3qzZ2Teh97WQ=="
    "resolved" "https://registry.npmjs.org/has-tostringtag/-/has-tostringtag-1.0.0.tgz"
    "version" "1.0.0"
    dependencies:
      "has-symbols" "^1.0.2"
  
  "has@^1.0.3":
    "integrity" "sha512-f2dvO0VU6Oej7RkWJGrehjbzMAjFp5/VKPp5tTpWIV4JHHZK1/BxbFRtf/siA2SWTe09caDmVtYYzWEIbBS4zw=="
    "resolved" "https://registry.npmjs.org/has/-/has-1.0.3.tgz"
    "version" "1.0.3"
    dependencies:
      "function-bind" "^1.1.1"
  
  "hash-base@^3.0.0":
    "integrity" "sha512-1nmYp/rhMDiE7AYkDw+lLwlAzz0AntGIe51F3RfFfEqyQ3feY2eI/NcwC6umIQVOASPMsWJLJScWKSSvzL9IVA=="
    "resolved" "https://registry.npmjs.org/hash-base/-/hash-base-3.1.0.tgz"
    "version" "3.1.0"
    dependencies:
      "inherits" "^2.0.4"
      "readable-stream" "^3.6.0"
      "safe-buffer" "^5.2.0"
  
  "hash.js@^1.0.0", "hash.js@^1.0.3":
    "integrity" "sha512-taOaskGt4z4SOANNseOviYDvjEJinIkRgmp7LbKP2YTTmVxWBl87s/uzK9r+44BclBSp2X7K1hqeNfz9JbBeXA=="
    "resolved" "https://registry.npmjs.org/hash.js/-/hash.js-1.1.7.tgz"
    "version" "1.1.7"
    dependencies:
      "inherits" "^2.0.3"
      "minimalistic-assert" "^1.0.1"
  
  "hmac-drbg@^1.0.1":
    "integrity" "sha512-Tti3gMqLdZfhOQY1Mzf/AanLiqh1WTiJgEj26ZuYQ9fbkLomzGchCws4FyrSd4VkpBfiNhaE1On+lOz894jvXg=="
    "resolved" "https://registry.npmjs.org/hmac-drbg/-/hmac-drbg-1.0.1.tgz"
    "version" "1.0.1"
    dependencies:
      "hash.js" "^1.0.3"
      "minimalistic-assert" "^1.0.0"
      "minimalistic-crypto-utils" "^1.0.1"
  
  "hoist-non-react-statics@^3.3.2":
    "integrity" "sha512-/gGivxi8JPKWNm/W0jSmzcMPpfpPLc3dY/6GxhX2hQ9iGj3aDfklV4ET7NjKpSinLpJ5vafa9iiGIEZg10SfBw=="
    "resolved" "https://registry.npmjs.org/hoist-non-react-statics/-/hoist-non-react-statics-3.3.2.tgz"
    "version" "3.3.2"
    dependencies:
      "react-is" "^16.7.0"
  
  "hyphenate-style-name@^1.0.3":
    "integrity" "sha512-ygGZLjmXfPHj+ZWh6LwbC37l43MhfztxetbFCoYTM2VjkIUpeHgSNn7QIyVFj7YQ1Wl9Cbw5sholVJPzWvC2MQ=="
    "resolved" "https://registry.npmjs.org/hyphenate-style-name/-/hyphenate-style-name-1.0.4.tgz"
    "version" "1.0.4"
  
  "inflight@^1.0.4":
    "integrity" "sha512-k92I/b08q4wvFscXCLvqfsHCrjrF7yiXsQuIVvVE7N82W3+aqpzuUdBbfhWcy/FZR3/4IgflMgKLOsvPDrGCJA=="
    "resolved" "https://registry.npmjs.org/inflight/-/inflight-1.0.6.tgz"
    "version" "1.0.6"
    dependencies:
      "once" "^1.3.0"
      "wrappy" "1"
  
  "inherits@^2.0.1", "inherits@^2.0.3", "inherits@^2.0.4", "inherits@~2.0.1", "inherits@~2.0.3", "inherits@~2.0.4", "inherits@2":
    "integrity" "sha512-k/vGaX4/Yla3WzyMCvTQOXYeIHvqOKtnqBduzTHpzpQZzAskKMhZ2K+EnBiSM9zGSoIFeMpXKxa4dYeZIQqewQ=="
    "resolved" "https://registry.npmjs.org/inherits/-/inherits-2.0.4.tgz"
    "version" "2.0.4"
  
  "internal-slot@^1.0.3":
    "integrity" "sha512-O0DB1JC/sPyZl7cIo78n5dR7eUSwwpYPiXRhTzNxZVAMUuB8vlnRFyLxdrVToks6XPLVnFfbzaVd5WLjhgg+vA=="
    "resolved" "https://registry.npmjs.org/internal-slot/-/internal-slot-1.0.3.tgz"
    "version" "1.0.3"
    dependencies:
      "get-intrinsic" "^1.1.0"
      "has" "^1.0.3"
      "side-channel" "^1.0.4"
  
  "invariant@^2.2.4":
    "integrity" "sha512-phJfQVBuaJM5raOpJjSfkiD6BpbCE4Ns//LaXl6wGYtUBY83nWS6Rf9tXm2e8VaK60JEjYldbPif/A2B1C2gNA=="
    "resolved" "https://registry.npmjs.org/invariant/-/invariant-2.2.4.tgz"
    "version" "2.2.4"
    dependencies:
      "loose-envify" "^1.0.0"
  
  "is-arguments@^1.0.4":
    "integrity" "sha512-8Q7EARjzEnKpt/PCD7e1cgUS0a6X8u5tdSiMqXhojOdoV9TsMsiO+9VLC5vAmO8N7/GmXn7yjR8qnA6bVAEzfA=="
    "resolved" "https://registry.npmjs.org/is-arguments/-/is-arguments-1.1.1.tgz"
    "version" "1.1.1"
    dependencies:
      "call-bind" "^1.0.2"
      "has-tostringtag" "^1.0.0"
  
  "is-bigint@^1.0.1":
    "integrity" "sha512-zB9CruMamjym81i2JZ3UMn54PKGsQzsJeo6xvN3HJJ4CAsQNB6iRutp2To77OfCNuoxspsIhzaPoO1zyCEhFOg=="
    "resolved" "https://registry.npmjs.org/is-bigint/-/is-bigint-1.0.4.tgz"
    "version" "1.0.4"
    dependencies:
      "has-bigints" "^1.0.1"
  
  "is-boolean-object@^1.1.0":
    "integrity" "sha512-gDYaKHJmnj4aWxyj6YHyXVpdQawtVLHU5cb+eztPGczf6cjuTdwve5ZIEfgXqH4e57An1D1AKf8CZ3kYrQRqYA=="
    "resolved" "https://registry.npmjs.org/is-boolean-object/-/is-boolean-object-1.1.2.tgz"
    "version" "1.1.2"
    dependencies:
      "call-bind" "^1.0.2"
      "has-tostringtag" "^1.0.0"
  
  "is-callable@^1.1.3", "is-callable@^1.1.4", "is-callable@^1.2.4":
    "integrity" "sha512-krO72EO2NptOGAX2KYyqbP9vYMlNAXdB53rq6f8LXY6RY7JdSR/3BD6wLUlPHSAesmY9vstNrjvqGaCiRK/91Q=="
    "resolved" "https://registry.npmjs.org/is-callable/-/is-callable-1.2.6.tgz"
    "version" "1.2.6"
  
  "is-date-object@^1.0.1":
    "integrity" "sha512-9YQaSxsAiSwcvS33MBk3wTCVnWK+HhF8VZR2jRxehM16QcVOdHqPn4VPHmRK4lSr38n9JriurInLcP90xsYNfQ=="
    "resolved" "https://registry.npmjs.org/is-date-object/-/is-date-object-1.0.5.tgz"
    "version" "1.0.5"
    dependencies:
      "has-tostringtag" "^1.0.0"
  
  "is-fullwidth-code-point@^3.0.0":
    "integrity" "sha512-zymm5+u+sCsSWyD9qNaejV3DFvhCKclKdizYaJUuHA83RLjb7nSuGnddCHGv0hk+KY7BMAlsWeK4Ueg6EV6XQg=="
    "resolved" "https://registry.npmjs.org/is-fullwidth-code-point/-/is-fullwidth-code-point-3.0.0.tgz"
    "version" "3.0.0"
  
  "is-generator-function@^1.0.7":
    "integrity" "sha512-jsEjy9l3yiXEQ+PsXdmBwEPcOxaXWLspKdplFUVI9vq1iZgIekeC0L167qeu86czQaxed3q/Uzuw0swL0irL8A=="
    "resolved" "https://registry.npmjs.org/is-generator-function/-/is-generator-function-1.0.10.tgz"
    "version" "1.0.10"
    dependencies:
      "has-tostringtag" "^1.0.0"
  
  "is-in-browser@^1.0.2", "is-in-browser@^1.1.3":
    "integrity" "sha512-FeXIBgG/CPGd/WUxuEyvgGTEfwiG9Z4EKGxjNMRqviiIIfsmgrpnHLffEDdwUHqNva1VEW91o3xBT/m8Elgl9g=="
    "resolved" "https://registry.npmjs.org/is-in-browser/-/is-in-browser-1.1.3.tgz"
    "version" "1.1.3"
  
  "is-nan@^1.2.1":
    "integrity" "sha512-E+zBKpQ2t6MEo1VsonYmluk9NxGrbzpeeLC2xIViuO2EjU2xsXsBPwTr3Ykv9l08UYEVEdWeRZNouaZqF6RN0w=="
    "resolved" "https://registry.npmjs.org/is-nan/-/is-nan-1.3.2.tgz"
    "version" "1.3.2"
    dependencies:
      "call-bind" "^1.0.0"
      "define-properties" "^1.1.3"
  
  "is-negative-zero@^2.0.2":
    "integrity" "sha512-dqJvarLawXsFbNDeJW7zAz8ItJ9cd28YufuuFzh0G8pNHjJMnY08Dv7sYX2uF5UpQOwieAeOExEYAWWfu7ZZUA=="
    "resolved" "https://registry.npmjs.org/is-negative-zero/-/is-negative-zero-2.0.2.tgz"
    "version" "2.0.2"
  
  "is-number-object@^1.0.4":
    "integrity" "sha512-k1U0IRzLMo7ZlYIfzRu23Oh6MiIFasgpb9X76eqfFZAqwH44UI4KTBvBYIZ1dSL9ZzChTB9ShHfLkR4pdW5krQ=="
    "resolved" "https://registry.npmjs.org/is-number-object/-/is-number-object-1.0.7.tgz"
    "version" "1.0.7"
    dependencies:
      "has-tostringtag" "^1.0.0"
  
  "is-regex@^1.1.4":
    "integrity" "sha512-kvRdxDsxZjhzUX07ZnLydzS1TU/TJlTUHHY4YLL87e37oUA49DfkLqgy+VjFocowy29cKvcSiu+kIv728jTTVg=="
    "resolved" "https://registry.npmjs.org/is-regex/-/is-regex-1.1.4.tgz"
    "version" "1.1.4"
    dependencies:
      "call-bind" "^1.0.2"
      "has-tostringtag" "^1.0.0"
  
  "is-shared-array-buffer@^1.0.2":
    "integrity" "sha512-sqN2UDu1/0y6uvXyStCOzyhAjCSlHceFoMKJW8W9EU9cvic/QdsZ0kEU93HEy3IUEFZIiH/3w+AH/UQbPHNdhA=="
    "resolved" "https://registry.npmjs.org/is-shared-array-buffer/-/is-shared-array-buffer-1.0.2.tgz"
    "version" "1.0.2"
    dependencies:
      "call-bind" "^1.0.2"
  
  "is-string@^1.0.5", "is-string@^1.0.7":
    "integrity" "sha512-tE2UXzivje6ofPW7l23cjDOMa09gb7xlAqG6jG5ej6uPV32TlWP3NKPigtaGeHNu9fohccRYvIiZMfOOnOYUtg=="
    "resolved" "https://registry.npmjs.org/is-string/-/is-string-1.0.7.tgz"
    "version" "1.0.7"
    dependencies:
      "has-tostringtag" "^1.0.0"
  
  "is-symbol@^1.0.2", "is-symbol@^1.0.3":
    "integrity" "sha512-C/CPBqKWnvdcxqIARxyOh4v1UUEOCHpgDa0WYgpKDFMszcrPcffg5uhwSgPCLD2WWxmq6isisz87tzT01tuGhg=="
    "resolved" "https://registry.npmjs.org/is-symbol/-/is-symbol-1.0.4.tgz"
    "version" "1.0.4"
    dependencies:
      "has-symbols" "^1.0.2"
  
  "is-typed-array@^1.1.3", "is-typed-array@^1.1.9":
    "integrity" "sha512-kfrlnTTn8pZkfpJMUgYD7YZ3qzeJgWUn8XfVYBARc4wnmNOmLbmuuaAs3q5fvB0UJOn6yHAKaGTPM7d6ezoD/A=="
    "resolved" "https://registry.npmjs.org/is-typed-array/-/is-typed-array-1.1.9.tgz"
    "version" "1.1.9"
    dependencies:
      "available-typed-arrays" "^1.0.5"
      "call-bind" "^1.0.2"
      "es-abstract" "^1.20.0"
      "for-each" "^0.3.3"
      "has-tostringtag" "^1.0.0"
  
  "is-weakref@^1.0.2":
    "integrity" "sha512-qctsuLZmIQ0+vSSMfoVvyFe2+GSEvnmZ2ezTup1SBse9+twCCeial6EEi3Nc2KFcf6+qz2FBPnjXsk8xhKSaPQ=="
    "resolved" "https://registry.npmjs.org/is-weakref/-/is-weakref-1.0.2.tgz"
    "version" "1.0.2"
    dependencies:
      "call-bind" "^1.0.2"
  
  "isarray@~1.0.0":
    "integrity" "sha512-VLghIWNM6ELQzo7zwmcg0NmTVyWKYjvIeM83yjp0wRDTmUnrM678fQbcKBo6n2CJEF0szoG//ytg+TKla89ALQ=="
    "resolved" "https://registry.npmjs.org/isarray/-/isarray-1.0.0.tgz"
    "version" "1.0.0"
  
  "isarray@0.0.1":
    "integrity" "sha512-D2S+3GLxWH+uhrNEcoh/fnmYeP8E8/zHl644d/jdA0g2uyXvy3sb0qxotE+ne0LtccHknQzWwZEzhak7oJ0COQ=="
    "resolved" "https://registry.npmjs.org/isarray/-/isarray-0.0.1.tgz"
    "version" "0.0.1"
  
  "javascript-natural-sort@^0.7.1":
    "integrity" "sha512-nO6jcEfZWQXDhOiBtG2KvKyEptz7RVbpGP4vTD2hLBdmNQSsCiicO2Ioinv6UI4y9ukqnBpy+XZ9H6uLNgJTlw=="
    "resolved" "https://registry.npmjs.org/javascript-natural-sort/-/javascript-natural-sort-0.7.1.tgz"
    "version" "0.7.1"
  
  "js-tokens@^3.0.0 || ^4.0.0":
    "integrity" "sha512-RdJUflcE3cUzKiMqQgsCu06FPu9UdIJO0beYbPhHN4k6apgJtifcoCtT9bcxOpYBtpD2kCM6Sbzg4CausW/PKQ=="
    "resolved" "https://registry.npmjs.org/js-tokens/-/js-tokens-4.0.0.tgz"
    "version" "4.0.0"
  
  "jss-plugin-camel-case@^10.5.1":
    "integrity" "sha512-wgBPlL3WS0WDJ1lPJcgjux/SHnDuu7opmgQKSraKs4z8dCCyYMx9IDPFKBXQ8Q5dVYij1FFV0WdxyhuOOAXuTg=="
    "resolved" "https://registry.npmjs.org/jss-plugin-camel-case/-/jss-plugin-camel-case-10.9.2.tgz"
    "version" "10.9.2"
    dependencies:
      "@babel/runtime" "^7.3.1"
      "hyphenate-style-name" "^1.0.3"
      "jss" "10.9.2"
  
  "jss-plugin-default-unit@^10.5.1":
    "integrity" "sha512-pYg0QX3bBEFtTnmeSI3l7ad1vtHU42YEEpgW7pmIh+9pkWNWb5dwS/4onSfAaI0kq+dOZHzz4dWe+8vWnanoSg=="
    "resolved" "https://registry.npmjs.org/jss-plugin-default-unit/-/jss-plugin-default-unit-10.9.2.tgz"
    "version" "10.9.2"
    dependencies:
      "@babel/runtime" "^7.3.1"
      "jss" "10.9.2"
  
  "jss-plugin-global@^10.5.1":
    "integrity" "sha512-GcX0aE8Ef6AtlasVrafg1DItlL/tWHoC4cGir4r3gegbWwF5ZOBYhx04gurPvWHC8F873aEGqge7C17xpwmp2g=="
    "resolved" "https://registry.npmjs.org/jss-plugin-global/-/jss-plugin-global-10.9.2.tgz"
    "version" "10.9.2"
    dependencies:
      "@babel/runtime" "^7.3.1"
      "jss" "10.9.2"
  
  "jss-plugin-nested@^10.5.1":
    "integrity" "sha512-VgiOWIC6bvgDaAL97XCxGD0BxOKM0K0zeB/ECyNaVF6FqvdGB9KBBWRdy2STYAss4VVA7i5TbxFZN+WSX1kfQA=="
    "resolved" "https://registry.npmjs.org/jss-plugin-nested/-/jss-plugin-nested-10.9.2.tgz"
    "version" "10.9.2"
    dependencies:
      "@babel/runtime" "^7.3.1"
      "jss" "10.9.2"
      "tiny-warning" "^1.0.2"
  
  "jss-plugin-props-sort@^10.5.1":
    "integrity" "sha512-AP1AyUTbi2szylgr+O0OB7gkIxEGzySLITZ2GpsaoX72YMCGI2jYAc+WUhPfvUnZYiauF4zTnN4V4TGuvFjJlw=="
    "resolved" "https://registry.npmjs.org/jss-plugin-props-sort/-/jss-plugin-props-sort-10.9.2.tgz"
    "version" "10.9.2"
    dependencies:
      "@babel/runtime" "^7.3.1"
      "jss" "10.9.2"
  
  "jss-plugin-rule-value-function@^10.5.1":
    "integrity" "sha512-vf5ms8zvLFMub6swbNxvzsurHfUZ5Shy5aJB2gIpY6WNA3uLinEcxYyraQXItRHi5ivXGqYciFDRM2ZoVoRZ4Q=="
    "resolved" "https://registry.npmjs.org/jss-plugin-rule-value-function/-/jss-plugin-rule-value-function-10.9.2.tgz"
    "version" "10.9.2"
    dependencies:
      "@babel/runtime" "^7.3.1"
      "jss" "10.9.2"
      "tiny-warning" "^1.0.2"
  
  "jss-plugin-vendor-prefixer@^10.5.1":
    "integrity" "sha512-SxcEoH+Rttf9fEv6KkiPzLdXRmI6waOTcMkbbEFgdZLDYNIP9UKNHFy6thhbRKqv0XMQZdrEsbDyV464zE/dUA=="
    "resolved" "https://registry.npmjs.org/jss-plugin-vendor-prefixer/-/jss-plugin-vendor-prefixer-10.9.2.tgz"
    "version" "10.9.2"
    dependencies:
      "@babel/runtime" "^7.3.1"
      "css-vendor" "^2.0.8"
      "jss" "10.9.2"
  
  "jss@^10.5.1", "jss@10.9.2":
    "integrity" "sha512-b8G6rWpYLR4teTUbGd4I4EsnWjg7MN0Q5bSsjKhVkJVjhQDy2KzkbD2AW3TuT0RYZVmZZHKIrXDn6kjU14qkUg=="
    "resolved" "https://registry.npmjs.org/jss/-/jss-10.9.2.tgz"
    "version" "10.9.2"
    dependencies:
      "@babel/runtime" "^7.3.1"
      "csstype" "^3.0.2"
      "is-in-browser" "^1.1.3"
      "tiny-warning" "^1.0.2"
  
  "loose-envify@^1.0.0", "loose-envify@^1.1.0", "loose-envify@^1.4.0":
    "integrity" "sha512-lyuxPGr/Wfhrlem2CL/UcnUc1zcqKAImBDzukY7Y5F/yQiNdko6+fRLevlw1HgMySw7f611UIY408EtxRSoK3Q=="
    "resolved" "https://registry.npmjs.org/loose-envify/-/loose-envify-1.4.0.tgz"
    "version" "1.4.0"
    dependencies:
      "js-tokens" "^3.0.0 || ^4.0.0"
  
  "mathjs@^11.2.1":
    "integrity" "sha512-V5lqIPExHtFi56LUf0Gyz0wyuJmSbXUM3liZcCDNpj4OKQaUlpQuAymC8x9mFNqajWOgxqS1HZ7Z5B76Hbwrtw=="
    "resolved" "https://registry.npmjs.org/mathjs/-/mathjs-11.2.1.tgz"
    "version" "11.2.1"
    dependencies:
      "@babel/runtime" "^7.19.0"
      "complex.js" "^2.1.1"
      "decimal.js" "^10.4.0"
      "escape-latex" "^1.2.0"
      "fraction.js" "^4.2.0"
      "javascript-natural-sort" "^0.7.1"
      "seedrandom" "^3.0.5"
      "tiny-emitter" "^2.1.0"
      "typed-function" "^4.1.0"
  
  "md5.js@^1.3.4":
    "integrity" "sha512-xitP+WxNPcTTOgnTJcrhM0xvdPepipPSf3I8EIpGKeFLjt3PlJLIDG3u8EX53ZIubkb+5U2+3rELYpEhHhzdkg=="
    "resolved" "https://registry.npmjs.org/md5.js/-/md5.js-1.3.5.tgz"
    "version" "1.3.5"
    dependencies:
      "hash-base" "^3.0.0"
      "inherits" "^2.0.1"
      "safe-buffer" "^5.1.2"
  
  "miller-rabin@^4.0.0":
    "integrity" "sha512-115fLhvZVqWwHPbClyntxEVfVDfl9DLLTuJvq3g2O/Oxi8AiNouAHvDSzHS0viUJc+V5vm3eq91Xwqn9dp4jRA=="
    "resolved" "https://registry.npmjs.org/miller-rabin/-/miller-rabin-4.0.1.tgz"
    "version" "4.0.1"
    dependencies:
      "bn.js" "^4.0.0"
      "brorand" "^1.0.1"
  
  "minimalistic-assert@^1.0.0", "minimalistic-assert@^1.0.1":
    "integrity" "sha512-UtJcAD4yEaGtjPezWuO9wC4nwUnVH/8/Im3yEHQP4b67cXlD/Qr9hdITCU1xDbSEXg2XKNaP8jsReV7vQd00/A=="
    "resolved" "https://registry.npmjs.org/minimalistic-assert/-/minimalistic-assert-1.0.1.tgz"
    "version" "1.0.1"
  
  "minimalistic-crypto-utils@^1.0.1":
    "integrity" "sha512-JIYlbt6g8i5jKfJ3xz7rF0LXmv2TkDxBLUkiBeZ7bAx4GnnNMr8xFpGnOxn6GhTEHx3SjRrZEoU+j04prX1ktg=="
    "resolved" "https://registry.npmjs.org/minimalistic-crypto-utils/-/minimalistic-crypto-utils-1.0.1.tgz"
    "version" "1.0.1"
  
  "minimatch@^3.0.3", "minimatch@^3.1.1":
    "integrity" "sha512-J7p63hRiAjw1NDEww1W7i37+ByIrOWO5XQQAzZ3VOcL0PNybwpfmV/N05zFAzwQ9USyEcX6t3UO+K5aqBQOIHw=="
    "resolved" "https://registry.npmjs.org/minimatch/-/minimatch-3.1.2.tgz"
    "version" "3.1.2"
    dependencies:
      "brace-expansion" "^1.1.7"
  
  "mkdirp@^1.0.4":
    "integrity" "sha512-vVqVZQyf3WLx2Shd0qJ9xuvqgAyKPLAiqITEtqW0oIUjzo3PePDd6fW9iFz30ef7Ysp/oiWqbhszeGWW2T6Gzw=="
    "resolved" "https://registry.npmjs.org/mkdirp/-/mkdirp-1.0.4.tgz"
    "version" "1.0.4"
  
  "noms@0.0.0":
    "integrity" "sha512-lNDU9VJaOPxUmXcLb+HQFeUgQQPtMI24Gt6hgfuMHRJgMRHMF/qZ4HJD3GDru4sSw9IQl2jPjAYnQrdIeLbwow=="
    "resolved" "https://registry.npmjs.org/noms/-/noms-0.0.0.tgz"
    "version" "0.0.0"
    dependencies:
      "inherits" "^2.0.1"
      "readable-stream" "~1.0.31"
  
  "object-assign@^4.1.1":
    "integrity" "sha512-rJgTQnkUnH1sFw8yT6VSU3zD3sWmu6sZhIseY8VX+GRu3P6F7Fu+JNDoXfklElbLJSnc3FUQHVe4cU5hj+BcUg=="
    "resolved" "https://registry.npmjs.org/object-assign/-/object-assign-4.1.1.tgz"
    "version" "4.1.1"
  
  "object-hash@^3.0.0":
    "integrity" "sha512-RSn9F68PjH9HqtltsSnqYC1XXoWe9Bju5+213R98cNGttag9q9yAOTzdbsqvIa7aNm5WffBZFpWYr2aWrklWAw=="
    "resolved" "https://registry.npmjs.org/object-hash/-/object-hash-3.0.0.tgz"
    "version" "3.0.0"
  
  "object-inspect@^1.12.2", "object-inspect@^1.9.0":
    "integrity" "sha512-z+cPxW0QGUp0mcqcsgQyLVRDoXFQbXOwBaqyF7VIgI4TWNQsDHrBpUQslRmIfAoYWdYzs6UlKJtB2XJpTaNSpQ=="
    "resolved" "https://registry.npmjs.org/object-inspect/-/object-inspect-1.12.2.tgz"
    "version" "1.12.2"
  
  "object-is@^1.0.1":
    "integrity" "sha512-3cyDsyHgtmi7I7DfSSI2LDp6SK2lwvtbg0p0R1e0RvTqF5ceGx+K2dfSjm1bKDMVCFEDAQvy+o8c6a7VujOddw=="
    "resolved" "https://registry.npmjs.org/object-is/-/object-is-1.1.5.tgz"
    "version" "1.1.5"
    dependencies:
      "call-bind" "^1.0.2"
      "define-properties" "^1.1.3"
  
  "object-keys@^1.1.1":
    "integrity" "sha512-NuAESUOUMrlIXOfHKzD6bpPu3tYt3xvjNdRIQ+FeT0lNb4K8WR70CaDxhuNguS2XG+GjkyMwOzsN5ZktImfhLA=="
    "resolved" "https://registry.npmjs.org/object-keys/-/object-keys-1.1.1.tgz"
    "version" "1.1.1"
  
  "object.assign@^4.1.4":
    "integrity" "sha512-1mxKf0e58bvyjSCtKYY4sRe9itRk3PJpquJOjeIkz885CczcI4IvJJDLPS72oowuSh+pBxUFROpX+TU++hxhZQ=="
    "resolved" "https://registry.npmjs.org/object.assign/-/object.assign-4.1.4.tgz"
    "version" "4.1.4"
    dependencies:
      "call-bind" "^1.0.2"
      "define-properties" "^1.1.4"
      "has-symbols" "^1.0.3"
      "object-keys" "^1.1.1"
  
  "once@^1.3.0":
    "integrity" "sha512-lNaJgI+2Q5URQBkccEKHTQOPaXdUxnZZElQTZY0MFUAuaEqe1E+Nyvgdz/aIyNi6Z9MzO5dv1H8n58/GELp3+w=="
    "resolved" "https://registry.npmjs.org/once/-/once-1.4.0.tgz"
    "version" "1.4.0"
    dependencies:
      "wrappy" "1"
  
  "parse-asn1@^5.0.0", "parse-asn1@^5.1.5":
    "integrity" "sha512-RnZRo1EPU6JBnra2vGHj0yhp6ebyjBZpmUCLHWiFhxlzvBCCpAuZ7elsBp1PVAbQN0/04VD/19rfzlBSwLstMw=="
    "resolved" "https://registry.npmjs.org/parse-asn1/-/parse-asn1-5.1.6.tgz"
    "version" "5.1.6"
    dependencies:
      "asn1.js" "^5.2.0"
      "browserify-aes" "^1.0.0"
      "evp_bytestokey" "^1.0.0"
      "pbkdf2" "^3.0.3"
      "safe-buffer" "^5.1.1"
  
  "path-is-absolute@^1.0.0":
    "integrity" "sha512-AVbw3UJ2e9bq64vSaS9Am0fje1Pa8pbGqTTsmXfaIiMpnr5DlDhfJOuLj9Sf95ZPVDAUerDfEk88MPmPe7UCQg=="
    "resolved" "https://registry.npmjs.org/path-is-absolute/-/path-is-absolute-1.0.1.tgz"
    "version" "1.0.1"
  
  "path@npm:path-browserify":
    "integrity" "sha512-b7uo2UCUOYZcnF/3ID0lulOJi/bafxa1xPe7ZPsammBSpjSWQkjNxlt635YGS2MiR9GjvuXCtz2emr3jbsz98g=="
    "resolved" "https://registry.npmjs.org/path-browserify/-/path-browserify-1.0.1.tgz"
    "version" "1.0.1"
  
  "pbkdf2@^3.0.3":
    "integrity" "sha512-iuh7L6jA7JEGu2WxDwtQP1ddOpaJNC4KlDEFfdQajSGgGPNi4OyDc2R7QnbY2bR9QjBVGwgvTdNJZoE7RaxUMA=="
    "resolved" "https://registry.npmjs.org/pbkdf2/-/pbkdf2-3.1.2.tgz"
    "version" "3.1.2"
    dependencies:
      "create-hash" "^1.1.2"
      "create-hmac" "^1.1.4"
      "ripemd160" "^2.0.1"
      "safe-buffer" "^5.0.1"
      "sha.js" "^2.4.8"
  
  "popper.js@1.16.1-lts":
    "integrity" "sha512-Kjw8nKRl1m+VrSFCoVGPph93W/qrSO7ZkqPpTf7F4bk/sqcfWK019dWBUpE/fBOsOQY1dks/Bmcbfn1heM/IsA=="
    "resolved" "https://registry.npmjs.org/popper.js/-/popper.js-1.16.1-lts.tgz"
    "version" "1.16.1-lts"
  
  "process-nextick-args@~2.0.0":
    "integrity" "sha512-3ouUOpQhtgrbOa17J7+uxOTpITYWaGP7/AhoR3+A+/1e9skrzelGi/dXzEYyvbxubEF6Wn2ypscTKiKJFFn1ag=="
    "resolved" "https://registry.npmjs.org/process-nextick-args/-/process-nextick-args-2.0.1.tgz"
    "version" "2.0.1"
  
  "prop-types@^15.6.2", "prop-types@^15.7.2", "prop-types@^15.8.1":
    "integrity" "sha512-oj87CgZICdulUohogVAR7AjlC0327U4el4L6eAvOqCeudMDVU0NThNaV+b9Df4dXgSP1gXMTnPdhfe/2qDH5cg=="
    "resolved" "https://registry.npmjs.org/prop-types/-/prop-types-15.8.1.tgz"
    "version" "15.8.1"
    dependencies:
      "loose-envify" "^1.4.0"
      "object-assign" "^4.1.1"
      "react-is" "^16.13.1"
  
  "public-encrypt@^4.0.0":
    "integrity" "sha512-zVpa8oKZSz5bTMTFClc1fQOnyyEzpl5ozpi1B5YcvBrdohMjH2rfsBtyXcuNuwjsDIXmBYlF2N5FlJYhR29t8Q=="
    "resolved" "https://registry.npmjs.org/public-encrypt/-/public-encrypt-4.0.3.tgz"
    "version" "4.0.3"
    dependencies:
      "bn.js" "^4.1.0"
      "browserify-rsa" "^4.0.0"
      "create-hash" "^1.1.0"
      "parse-asn1" "^5.0.0"
      "randombytes" "^2.0.1"
      "safe-buffer" "^5.1.2"
  
  "randombytes@^2.0.0", "randombytes@^2.0.1", "randombytes@^2.0.5":
    "integrity" "sha512-vYl3iOX+4CKUWuxGi9Ukhie6fsqXqS9FE2Zaic4tNFD2N2QQaXOMFbuKK4QmDHC0JO6B1Zp41J0LpT0oR68amQ=="
    "resolved" "https://registry.npmjs.org/randombytes/-/randombytes-2.1.0.tgz"
    "version" "2.1.0"
    dependencies:
      "safe-buffer" "^5.1.0"
  
  "randomfill@^1.0.3":
    "integrity" "sha512-87lcbR8+MhcWcUiQ+9e+Rwx8MyR2P7qnt15ynUlbm3TU/fjbgz4GsvfSUDTemtCCtVCqb4ZcEFlyPNTh9bBTLw=="
    "resolved" "https://registry.npmjs.org/randomfill/-/randomfill-1.0.4.tgz"
    "version" "1.0.4"
    dependencies:
      "randombytes" "^2.0.5"
      "safe-buffer" "^5.1.0"
  
  "react-dom@^16.8.0 || ^17.0.0", "react-dom@>= 16.3.0", "react-dom@>=16.0.0", "react-dom@>=16.6.0":
    "integrity" "sha512-s4h96KtLDUQlsENhMn1ar8t2bEa+q/YAtj8pPPdIjPDGBDIVNsrD9aXNWqspUe6AzKCIG0C1HZZLqLV7qpOBGA=="
    "resolved" "https://registry.npmjs.org/react-dom/-/react-dom-17.0.2.tgz"
    "version" "17.0.2"
    dependencies:
      "loose-envify" "^1.1.0"
      "object-assign" "^4.1.1"
      "scheduler" "^0.20.2"
  
  "react-draggable@^4.4.5":
    "integrity" "sha512-OMHzJdyJbYTZo4uQE393fHcqqPYsEtkjfMgvCHr6rejT+Ezn4OZbNyGH50vv+SunC1RMvwOTSWkEODQLzw1M9g=="
    "resolved" "https://registry.npmjs.org/react-draggable/-/react-draggable-4.4.5.tgz"
    "version" "4.4.5"
    dependencies:
      "clsx" "^1.1.1"
      "prop-types" "^15.8.1"
  
  "react-icons@^4.4.0":
    "integrity" "sha512-fSbvHeVYo/B5/L4VhB7sBA1i2tS8MkT0Hb9t2H1AVPkwGfVHLJCqyr2Py9dKMxsyM63Eng1GkdZfbWj+Fmv8Rg=="
    "resolved" "https://registry.npmjs.org/react-icons/-/react-icons-4.4.0.tgz"
    "version" "4.4.0"
  
  "react-is@^16.13.1", "react-is@^16.7.0":
    "integrity" "sha512-24e6ynE2H+OKt4kqsOvNd8kBpV65zoxbA4BVsEOB3ARVWQki/DHzaUoC5KuON/BiccDaCCTZBuOcfZs70kR8bQ=="
    "resolved" "https://registry.npmjs.org/react-is/-/react-is-16.13.1.tgz"
    "version" "16.13.1"
  
  "react-is@^16.8.0 || ^17.0.0":
    "integrity" "sha512-w2GsyukL62IJnlaff/nRegPQR94C/XXamvMWmSHRJ4y7Ts/4ocGRmTHvOs8PSE6pB3dWOrD/nueuU5sduBsQ4w=="
    "resolved" "https://registry.npmjs.org/react-is/-/react-is-17.0.2.tgz"
    "version" "17.0.2"
  
  "react-sizeme@^3.0.2":
    "integrity" "sha512-xOIAOqqSSmKlKFJLO3inBQBdymzDuXx4iuwkNcJmC96jeiOg5ojByvL+g3MW9LPEsojLbC6pf68zOfobK8IPlw=="
    "resolved" "https://registry.npmjs.org/react-sizeme/-/react-sizeme-3.0.2.tgz"
    "version" "3.0.2"
    dependencies:
      "element-resize-detector" "^1.2.2"
      "invariant" "^2.2.4"
      "shallowequal" "^1.1.0"
      "throttle-debounce" "^3.0.1"
  
  "react-transition-group@^4.4.0":
    "integrity" "sha512-pZcd1MCJoiKiBR2NRxeCRg13uCXbydPnmB4EOeRrY7480qNWO8IIgQG6zlDkm6uRMsURXPuKq0GWtiM59a5Q6g=="
    "resolved" "https://registry.npmjs.org/react-transition-group/-/react-transition-group-4.4.5.tgz"
    "version" "4.4.5"
    dependencies:
      "@babel/runtime" "^7.5.5"
      "dom-helpers" "^5.0.1"
      "loose-envify" "^1.4.0"
      "prop-types" "^15.6.2"
  
  "react-visibility-sensor@^5.1.1":
    "integrity" "sha512-cTUHqIK+zDYpeK19rzW6zF9YfT4486TIgizZW53wEZ+/GPBbK7cNS0EHyJVyHYacwFEvvHLEKfgJndbemWhB/w=="
    "resolved" "https://registry.npmjs.org/react-visibility-sensor/-/react-visibility-sensor-5.1.1.tgz"
    "version" "5.1.1"
    dependencies:
      "prop-types" "^15.7.2"
  
  "react@*", "react@^16.8.0 || ^17.0.0", "react@>= 16.3.0", "react@>= 18.0.0", "react@>=16.0.0", "react@>=16.6.0", "react@17.0.2":
    "integrity" "sha512-/3IjMdb2L9QbBdWiW5e3P2/npwMBaU9mHCSCUzNln0ZCYbcfTsGbTJrU/kGemdH2IWmB2ioZ+zkxtmq6g09fGQ=="
    "resolved" "https://registry.npmjs.org/react/-/react-18.2.0.tgz"
    "version" "18.2.0"
    dependencies:
      "loose-envify" "^1.1.0"
  
  "readable-stream@^3.5.0", "readable-stream@^3.6.0":
    "integrity" "sha512-BViHy7LKeTz4oNnkcLJ+lVSL6vpiFeX6/d3oSH8zCW7UxP2onchk+vTGB143xuFjHS3deTgkKoXXymXqymiIdA=="
    "resolved" "https://registry.npmjs.org/readable-stream/-/readable-stream-3.6.0.tgz"
    "version" "3.6.0"
    dependencies:
      "inherits" "^2.0.3"
      "string_decoder" "^1.1.1"
      "util-deprecate" "^1.0.1"
  
  "readable-stream@~1.0.31":
    "integrity" "sha512-ok1qVCJuRkNmvebYikljxJA/UEsKwLl2nI1OmaqAu4/UE+h0wKCHok4XkL/gvi39OacXvw59RJUOFUkDib2rHg=="
    "resolved" "https://registry.npmjs.org/readable-stream/-/readable-stream-1.0.34.tgz"
    "version" "1.0.34"
    dependencies:
      "core-util-is" "~1.0.0"
      "inherits" "~2.0.1"
      "isarray" "0.0.1"
      "string_decoder" "~0.10.x"
  
  "readable-stream@~2.3.6":
    "integrity" "sha512-Ebho8K4jIbHAxnuxi7o42OrZgF/ZTNcsZj6nRKyUmkhLFq8CHItp/fy6hQZuZmP/n3yZ9VBUbp4zz/mX8hmYPw=="
    "resolved" "https://registry.npmjs.org/readable-stream/-/readable-stream-2.3.7.tgz"
    "version" "2.3.7"
    dependencies:
      "core-util-is" "~1.0.0"
      "inherits" "~2.0.3"
      "isarray" "~1.0.0"
      "process-nextick-args" "~2.0.0"
      "safe-buffer" "~5.1.1"
      "string_decoder" "~1.1.1"
      "util-deprecate" "~1.0.1"
  
  "regenerator-runtime@^0.13.4":
    "integrity" "sha512-p3VT+cOEgxFsRRA9X4lkI1E+k2/CtnKtU4gcxyaCUreilL/vqI6CdZ3wxVUx3UOUg+gnUOQQcRI7BmSI656MYA=="
    "resolved" "https://registry.npmjs.org/regenerator-runtime/-/regenerator-runtime-0.13.9.tgz"
    "version" "0.13.9"
  
  "regexp.prototype.flags@^1.4.3":
    "integrity" "sha512-fjggEOO3slI6Wvgjwflkc4NFRCTZAu5CnNfBd5qOMYhWdn67nJBBu34/TkD++eeFmd8C9r9jfXJ27+nSiRkSUA=="
    "resolved" "https://registry.npmjs.org/regexp.prototype.flags/-/regexp.prototype.flags-1.4.3.tgz"
    "version" "1.4.3"
    dependencies:
      "call-bind" "^1.0.2"
      "define-properties" "^1.1.3"
      "functions-have-names" "^1.2.2"
  
  "require-directory@^2.1.1":
    "integrity" "sha512-fGxEI7+wsG9xrvdjsrlmL22OMTTiHRwAMroiEeMgq8gzoLC/PQr7RsRDSTLUg/bZAZtF+TVIkHc6/4RIKrui+Q=="
    "resolved" "https://registry.npmjs.org/require-directory/-/require-directory-2.1.1.tgz"
    "version" "2.1.1"
  
  "ripemd160@^2.0.0", "ripemd160@^2.0.1":
    "integrity" "sha512-ii4iagi25WusVoiC4B4lq7pbXfAp3D9v5CwfkY33vffw2+pkDjY1D8GaN7spsxvCSx8dkPqOZCEZyfxcmJG2IA=="
    "resolved" "https://registry.npmjs.org/ripemd160/-/ripemd160-2.0.2.tgz"
    "version" "2.0.2"
    dependencies:
      "hash-base" "^3.0.0"
      "inherits" "^2.0.1"
  
  "safe-buffer@^5.0.1", "safe-buffer@^5.1.0", "safe-buffer@^5.1.1", "safe-buffer@^5.1.2", "safe-buffer@^5.2.0", "safe-buffer@~5.2.0":
    "integrity" "sha512-rp3So07KcdmmKbGvgaNxQSJr7bGVSVk5S9Eq1F+ppbRo70+YeaDxkw5Dd8NPN+GD6bjnYm2VuPuCXmpuYvmCXQ=="
    "resolved" "https://registry.npmjs.org/safe-buffer/-/safe-buffer-5.2.1.tgz"
    "version" "5.2.1"
  
  "safe-buffer@~5.1.0", "safe-buffer@~5.1.1":
    "integrity" "sha512-Gd2UZBJDkXlY7GbJxfsE8/nvKkUEU1G38c1siN6QP6a9PT9MmHB8GnpscSmMJSoF8LOIrt8ud/wPtojys4G6+g=="
    "resolved" "https://registry.npmjs.org/safe-buffer/-/safe-buffer-5.1.2.tgz"
    "version" "5.1.2"
  
  "safer-buffer@^2.1.0":
    "integrity" "sha512-YZo3K82SD7Riyi0E1EQPojLz7kpepnSQI9IyPbHHg1XXXevb5dJI7tpyN2ADxGcQbHG7vcyRHk0cbwqcQriUtg=="
    "resolved" "https://registry.npmjs.org/safer-buffer/-/safer-buffer-2.1.2.tgz"
    "version" "2.1.2"
  
  "scheduler@^0.20.2":
    "integrity" "sha512-2eWfGgAqqWFGqtdMmcL5zCMK1U8KlXv8SQFGglL3CEtd0aDVDWgeF/YoCmvln55m5zSk3J/20hTaSBeSObsQDQ=="
    "resolved" "https://registry.npmjs.org/scheduler/-/scheduler-0.20.2.tgz"
    "version" "0.20.2"
    dependencies:
      "loose-envify" "^1.1.0"
      "object-assign" "^4.1.1"
  
  "seedrandom@^3.0.5":
    "integrity" "sha512-8OwmbklUNzwezjGInmZ+2clQmExQPvomqjL7LFqOYqtmuxRgQYqOD3mHaU+MvZn5FLUeVxVfQjwLZW/n/JFuqg=="
    "resolved" "https://registry.npmjs.org/seedrandom/-/seedrandom-3.0.5.tgz"
    "version" "3.0.5"
  
  "sha.js@^2.4.0", "sha.js@^2.4.8":
    "integrity" "sha512-QMEp5B7cftE7APOjk5Y6xgrbWu+WkLVQwk8JNjZ8nKRciZaByEW6MubieAiToS7+dwvrjGhH8jRXz3MVd0AYqQ=="
    "resolved" "https://registry.npmjs.org/sha.js/-/sha.js-2.4.11.tgz"
    "version" "2.4.11"
    dependencies:
      "inherits" "^2.0.1"
      "safe-buffer" "^5.0.1"
  
  "shallowequal@^1.1.0":
    "integrity" "sha512-y0m1JoUZSlPAjXVtPPW70aZWfIL/dSP7AFkRnniLCrK/8MDKog3TySTBmckD+RObVxH0v4Tox67+F14PdED2oQ=="
    "resolved" "https://registry.npmjs.org/shallowequal/-/shallowequal-1.1.0.tgz"
    "version" "1.1.0"
  
  "side-channel@^1.0.4":
    "integrity" "sha512-q5XPytqFEIKHkGdiMIrY10mvLRvnQh42/+GoBlFW3b2LXLE2xxJpZFdm94we0BaoV3RwJyGqg5wS7epxTv0Zvw=="
    "resolved" "https://registry.npmjs.org/side-channel/-/side-channel-1.0.4.tgz"
    "version" "1.0.4"
    dependencies:
      "call-bind" "^1.0.0"
      "get-intrinsic" "^1.0.2"
      "object-inspect" "^1.9.0"
  
  "stream@npm:stream-browserify":
    "integrity" "sha512-H73RAHsVBapbim0tU2JwwOiXUj+fikfiaoYAKHF3VJfA0pe2BCzkhAHBlLG6REzE+2WNZcxOXjK7lkso+9euLA=="
    "resolved" "https://registry.npmjs.org/stream-browserify/-/stream-browserify-3.0.0.tgz"
    "version" "3.0.0"
    dependencies:
      "inherits" "~2.0.4"
      "readable-stream" "^3.5.0"
  
  "string_decoder@^1.1.1":
    "integrity" "sha512-hkRX8U1WjJFd8LsDJ2yQ/wWWxaopEsABU1XfkM8A+j0+85JAGppt16cr1Whg6KIbb4okU6Mql6BOj+uup/wKeA=="
    "resolved" "https://registry.npmjs.org/string_decoder/-/string_decoder-1.3.0.tgz"
    "version" "1.3.0"
    dependencies:
      "safe-buffer" "~5.2.0"
  
  "string_decoder@~0.10.x":
    "integrity" "sha512-ev2QzSzWPYmy9GuqfIVildA4OdcGLeFZQrq5ys6RtiuF+RQQiZWr8TZNyAcuVXyQRYfEO+MsoB/1BuQVhOJuoQ=="
    "resolved" "https://registry.npmjs.org/string_decoder/-/string_decoder-0.10.31.tgz"
    "version" "0.10.31"
  
  "string_decoder@~1.1.1":
    "integrity" "sha512-n/ShnvDi6FHbbVfviro+WojiFzv+s8MPMHBczVePfUpDJLwoLT0ht1l4YwBCbi8pJAveEEdnkHyPyTP/mzRfwg=="
    "resolved" "https://registry.npmjs.org/string_decoder/-/string_decoder-1.1.1.tgz"
    "version" "1.1.1"
    dependencies:
      "safe-buffer" "~5.1.0"
  
  "string-width@^4.1.0", "string-width@^4.2.0":
    "integrity" "sha512-wKyQRQpjJ0sIp62ErSZdGsjMJWsap5oRNihHhu6G7JVO/9jIB6UyevL+tXuOqrng8j/cxKTWyWUwvSTriiZz/g=="
    "resolved" "https://registry.npmjs.org/string-width/-/string-width-4.2.3.tgz"
    "version" "4.2.3"
    dependencies:
      "emoji-regex" "^8.0.0"
      "is-fullwidth-code-point" "^3.0.0"
      "strip-ansi" "^6.0.1"
  
  "string.prototype.trimend@^1.0.5":
    "integrity" "sha512-I7RGvmjV4pJ7O3kdf+LXFpVfdNOxtCW/2C8f6jNiW4+PQchwxkCDzlk1/7p+Wl4bqFIZeF47qAHXLuHHWKAxog=="
    "resolved" "https://registry.npmjs.org/string.prototype.trimend/-/string.prototype.trimend-1.0.5.tgz"
    "version" "1.0.5"
    dependencies:
      "call-bind" "^1.0.2"
      "define-properties" "^1.1.4"
      "es-abstract" "^1.19.5"
  
  "string.prototype.trimstart@^1.0.5":
    "integrity" "sha512-THx16TJCGlsN0o6dl2o6ncWUsdgnLRSA23rRE5pyGBw/mLr3Ej/R2LaqCtgP8VNMGZsvMWnf9ooZPyY2bHvUFg=="
    "resolved" "https://registry.npmjs.org/string.prototype.trimstart/-/string.prototype.trimstart-1.0.5.tgz"
    "version" "1.0.5"
    dependencies:
      "call-bind" "^1.0.2"
      "define-properties" "^1.1.4"
      "es-abstract" "^1.19.5"
  
  "strip-ansi@^6.0.0", "strip-ansi@^6.0.1":
    "integrity" "sha512-Y38VPSHcqkFrCpFnQ9vuSXmquuv5oXOKpGeT6aGrr3o3Gc9AlVa6JBfUSOCnbxGGZF+/0ooI7KrPuUSztUdU5A=="
    "resolved" "https://registry.npmjs.org/strip-ansi/-/strip-ansi-6.0.1.tgz"
    "version" "6.0.1"
    dependencies:
      "ansi-regex" "^5.0.1"
  
  "throttle-debounce@^3.0.1":
    "integrity" "sha512-dTEWWNu6JmeVXY0ZYoPuH5cRIwc0MeGbJwah9KUNYSJwommQpCzTySTpEe8Gs1J23aeWEuAobe4Ag7EHVt/LOg=="
    "resolved" "https://registry.npmjs.org/throttle-debounce/-/throttle-debounce-3.0.1.tgz"
    "version" "3.0.1"
  
  "through2@^2.0.1":
    "integrity" "sha512-/mrRod8xqpA+IHSLyGCQ2s8SPHiCDEeQJSep1jqLYeEUClOFG2Qsh+4FU6G9VeqpZnGW/Su8LQGc4YKni5rYSQ=="
    "resolved" "https://registry.npmjs.org/through2/-/through2-2.0.5.tgz"
    "version" "2.0.5"
    dependencies:
      "readable-stream" "~2.3.6"
      "xtend" "~4.0.1"
  
  "tiny-emitter@^2.1.0":
    "integrity" "sha512-NB6Dk1A9xgQPMoGqC5CVXn123gWyte215ONT5Pp5a0yt4nlEoO1ZWeCwpncaekPHXO60i47ihFnZPiRPjRMq4Q=="
    "resolved" "https://registry.npmjs.org/tiny-emitter/-/tiny-emitter-2.1.0.tgz"
    "version" "2.1.0"
  
  "tiny-warning@^1.0.2":
    "integrity" "sha512-lBN9zLN/oAf68o3zNXYrdCt1kP8WsiGW8Oo2ka41b2IM5JL/S1CTyX1rW0mb/zSuJun0ZUrDxx4sqvYS2FWzPA=="
    "resolved" "https://registry.npmjs.org/tiny-warning/-/tiny-warning-1.0.3.tgz"
    "version" "1.0.3"
  
  "typed-function@^4.1.0":
    "integrity" "sha512-DGwUl6cioBW5gw2L+6SMupGwH/kZOqivy17E4nsh1JI9fKF87orMmlQx3KISQPmg3sfnOUGlwVkroosvgddrlg=="
    "resolved" "https://registry.npmjs.org/typed-function/-/typed-function-4.1.0.tgz"
    "version" "4.1.0"
  
  "typescript@^4.8.3":
    "integrity" "sha512-goMHfm00nWPa8UvR/CPSvykqf6dVV8x/dp0c5mFTMTIu0u0FlGWRioyy7Nn0PGAdHxpJZnuO/ut+PpQ8UiHAig=="
    "resolved" "https://registry.npmjs.org/typescript/-/typescript-4.8.3.tgz"
    "version" "4.8.3"
  
  "unbox-primitive@^1.0.2":
    "integrity" "sha512-61pPlCD9h51VoreyJ0BReideM3MDKMKnh6+V9L08331ipq6Q8OFXZYiqP6n/tbHx4s5I9uRhcye6BrbkizkBDw=="
    "resolved" "https://registry.npmjs.org/unbox-primitive/-/unbox-primitive-1.0.2.tgz"
    "version" "1.0.2"
    dependencies:
      "call-bind" "^1.0.2"
      "has-bigints" "^1.0.2"
      "has-symbols" "^1.0.3"
      "which-boxed-primitive" "^1.0.2"
  
  "untildify@^4.0.0":
    "integrity" "sha512-KK8xQ1mkzZeg9inewmFVDNkg3l5LUhoq9kN6iWYB/CC9YMG8HA+c1Q8HwDe6dEX7kErrEVNVBO3fWsVq5iDgtw=="
    "resolved" "https://registry.npmjs.org/untildify/-/untildify-4.0.0.tgz"
    "version" "4.0.0"
  
  "util-deprecate@^1.0.1", "util-deprecate@~1.0.1":
    "integrity" "sha512-EPD5q1uXyFxJpCrLnCc1nHnq3gOa6DZBocAIiI2TaSCA7VCJ1UJDMagCzIkXNsUYfD1daK//LTEQ8xiIbrHtcw=="
    "resolved" "https://registry.npmjs.org/util-deprecate/-/util-deprecate-1.0.2.tgz"
    "version" "1.0.2"
  
  "util@^0.12.0":
    "integrity" "sha512-bxZ9qtSlGUWSOy9Qa9Xgk11kSslpuZwaxCg4sNIDj6FLucDab2JxnHwyNTCpHMtK1MjoQiWQ6DiUMZYbSrO+Sw=="
    "resolved" "https://registry.npmjs.org/util/-/util-0.12.4.tgz"
    "version" "0.12.4"
    dependencies:
      "inherits" "^2.0.3"
      "is-arguments" "^1.0.4"
      "is-generator-function" "^1.0.7"
      "is-typed-array" "^1.1.3"
      "safe-buffer" "^5.1.2"
      "which-typed-array" "^1.1.2"
  
  "which-boxed-primitive@^1.0.2":
    "integrity" "sha512-bwZdv0AKLpplFY2KZRX6TvyuN7ojjr7lwkg6ml0roIy9YeuSr7JS372qlNW18UQYzgYK9ziGcerWqZOmEn9VNg=="
    "resolved" "https://registry.npmjs.org/which-boxed-primitive/-/which-boxed-primitive-1.0.2.tgz"
    "version" "1.0.2"
    dependencies:
      "is-bigint" "^1.0.1"
      "is-boolean-object" "^1.1.0"
      "is-number-object" "^1.0.4"
      "is-string" "^1.0.5"
      "is-symbol" "^1.0.3"
  
  "which-typed-array@^1.1.2":
    "integrity" "sha512-Jn4e5PItbcAHyLoRDwvPj1ypu27DJbtdYXUa5zsinrUx77Uvfb0cXwwnGMTn7cjUfhhqgVQnVJCwF+7cgU7tpw=="
    "resolved" "https://registry.npmjs.org/which-typed-array/-/which-typed-array-1.1.8.tgz"
    "version" "1.1.8"
    dependencies:
      "available-typed-arrays" "^1.0.5"
      "call-bind" "^1.0.2"
      "es-abstract" "^1.20.0"
      "for-each" "^0.3.3"
      "has-tostringtag" "^1.0.0"
      "is-typed-array" "^1.1.9"
  
  "wrap-ansi@^7.0.0":
    "integrity" "sha512-YVGIj2kamLSTxw6NsZjoBxfSwsn0ycdesmc4p+Q21c5zPuZ1pl+NfxVdxPtdHvmNVOQ6XSYG4AUtyt/Fi7D16Q=="
    "resolved" "https://registry.npmjs.org/wrap-ansi/-/wrap-ansi-7.0.0.tgz"
    "version" "7.0.0"
    dependencies:
      "ansi-styles" "^4.0.0"
      "string-width" "^4.1.0"
      "strip-ansi" "^6.0.0"
  
  "wrappy@1":
    "integrity" "sha512-l4Sp/DRseor9wL6EvV2+TuQn63dMkPjZ/sp9XkghTEbV9KlPS1xUsZ3u7/IQO4wxtcFB4bgpQPRcR3QCvezPcQ=="
    "resolved" "https://registry.npmjs.org/wrappy/-/wrappy-1.0.2.tgz"
    "version" "1.0.2"
  
  "xtend@~4.0.1":
    "integrity" "sha512-LKYU1iAXJXUgAXn9URjiu+MWhyUXHsvfp7mcuYm9dSUKK0/CjtrUwFAxD82/mCWbtLsGjFIad0wIsod4zrTAEQ=="
    "resolved" "https://registry.npmjs.org/xtend/-/xtend-4.0.2.tgz"
    "version" "4.0.2"
  
  "y18n@^5.0.5":
    "integrity" "sha512-0pfFzegeDWJHJIAmTLRP2DwHjdF5s7jo9tuztdQxAhINCdvS+3nGINqPd00AphqJR/0LhANUS6/+7SCb98YOfA=="
    "resolved" "https://registry.npmjs.org/y18n/-/y18n-5.0.8.tgz"
    "version" "5.0.8"
  
  "yargs-parser@^20.2.2":
    "integrity" "sha512-y11nGElTIV+CT3Zv9t7VKl+Q3hTQoT9a1Qzezhhl6Rp21gJ/IVTW7Z3y9EWXhuUBC2Shnf+DX0antecpAwSP8w=="
    "resolved" "https://registry.npmjs.org/yargs-parser/-/yargs-parser-20.2.9.tgz"
    "version" "20.2.9"
  
  "yargs@^16.1.0":
    "integrity" "sha512-D1mvvtDG0L5ft/jGWkLpG1+m0eQxOfaBvTNELraWj22wSVUMWxZUvYgJYcKh6jGGIkJFhH4IZPQhR4TKpc8mBw=="
    "resolved" "https://registry.npmjs.org/yargs/-/yargs-16.2.0.tgz"
    "version" "16.2.0"
    dependencies:
      "cliui" "^7.0.2"
      "escalade" "^3.1.1"
      "get-caller-file" "^2.0.5"
      "require-directory" "^2.1.1"
      "string-width" "^4.2.0"
      "y18n" "^5.0.5"
      "yargs-parser" "^20.2.2"
